{"/home/travis/build/npmtest/node-npmtest-node-mac/test.js":{"path":"/home/travis/build/npmtest/node-npmtest-node-mac/test.js","s":{"1":2,"2":2,"3":2,"4":2,"5":2,"6":2,"7":2,"8":1,"9":2,"10":2,"11":1,"12":1,"13":1,"14":1,"15":2,"16":2,"17":2,"18":2,"19":1,"20":1,"21":2,"22":2,"23":2,"24":1,"25":1,"26":1,"27":1,"28":1,"29":1,"30":1,"31":1,"32":1,"33":1,"34":1,"35":1,"36":1,"37":1,"38":1,"39":2,"40":2,"41":1,"42":2,"43":2,"44":1,"45":2,"46":2,"47":1,"48":2,"49":2,"50":1,"51":1,"52":1,"53":1,"54":1},"b":{"1":[2,1,1,1],"2":[1,1,1,1],"3":[1,1],"4":[1,1],"5":[1,1],"6":[1,1],"7":[1,1],"8":[1,1],"9":[1,1],"10":[1,1,1],"11":[1,1],"12":[1,1],"13":[1,1],"14":[1,1],"15":[1,1],"16":[1,1],"17":[1,1]},"f":{"1":2,"2":2,"3":2,"4":2,"5":2,"6":1,"7":1,"8":1,"9":2,"10":2,"11":2,"12":2,"13":1},"fnMap":{"1":{"name":"(anonymous_1)","line":12,"loc":{"start":{"line":12,"column":1},"end":{"line":12,"column":13}}},"2":{"name":"(anonymous_2)","line":19,"loc":{"start":{"line":19,"column":5},"end":{"line":19,"column":17}}},"3":{"name":"(anonymous_3)","line":23,"loc":{"start":{"line":23,"column":24},"end":{"line":23,"column":36}}},"4":{"name":"(anonymous_4)","line":61,"loc":{"start":{"line":61,"column":5},"end":{"line":61,"column":17}}},"5":{"name":"(anonymous_5)","line":82,"loc":{"start":{"line":82,"column":5},"end":{"line":82,"column":17}}},"6":{"name":"(anonymous_6)","line":91,"loc":{"start":{"line":91,"column":77},"end":{"line":94,"column":10}}},"7":{"name":"(anonymous_7)","line":112,"loc":{"start":{"line":112,"column":83},"end":{"line":115,"column":10}},"skip":true},"8":{"name":"(anonymous_8)","line":123,"loc":{"start":{"line":123,"column":77},"end":{"line":126,"column":10}},"skip":true},"9":{"name":"(anonymous_9)","line":139,"loc":{"start":{"line":139,"column":12},"end":{"line":139,"column":40}},"skip":true},"10":{"name":"(anonymous_10)","line":147,"loc":{"start":{"line":147,"column":77},"end":{"line":150,"column":10}},"skip":true},"11":{"name":"(anonymous_11)","line":158,"loc":{"start":{"line":158,"column":83},"end":{"line":161,"column":10}},"skip":true},"12":{"name":"(anonymous_12)","line":169,"loc":{"start":{"line":169,"column":79},"end":{"line":172,"column":10}},"skip":true},"13":{"name":"(anonymous_13)","line":180,"loc":{"start":{"line":180,"column":75},"end":{"line":183,"column":10}},"skip":true}},"statementMap":{"1":{"start":{"line":12,"column":0},"end":{"line":195,"column":5}},"2":{"start":{"line":14,"column":4},"end":{"line":14,"column":14}},"3":{"start":{"line":19,"column":4},"end":{"line":56,"column":9}},"4":{"start":{"line":21,"column":8},"end":{"line":21,"column":19}},"5":{"start":{"line":23,"column":8},"end":{"line":35,"column":13}},"6":{"start":{"line":24,"column":12},"end":{"line":34,"column":13}},"7":{"start":{"line":25,"column":16},"end":{"line":28,"column":30}},"8":{"start":{"line":30,"column":16},"end":{"line":33,"column":27}},"9":{"start":{"line":37,"column":8},"end":{"line":39,"column":21}},"10":{"start":{"line":40,"column":8},"end":{"line":53,"column":9}},"11":{"start":{"line":43,"column":12},"end":{"line":46,"column":14}},"12":{"start":{"line":47,"column":12},"end":{"line":47,"column":18}},"13":{"start":{"line":50,"column":12},"end":{"line":51,"column":33}},"14":{"start":{"line":52,"column":12},"end":{"line":52,"column":18}},"15":{"start":{"line":55,"column":8},"end":{"line":55,"column":35}},"16":{"start":{"line":61,"column":4},"end":{"line":63,"column":9}},"17":{"start":{"line":62,"column":8},"end":{"line":62,"column":15}},"18":{"start":{"line":64,"column":4},"end":{"line":77,"column":5}},"19":{"start":{"line":70,"column":8},"end":{"line":70,"column":14}},"20":{"start":{"line":76,"column":8},"end":{"line":76,"column":14}},"21":{"start":{"line":82,"column":4},"end":{"line":84,"column":9}},"22":{"start":{"line":83,"column":8},"end":{"line":83,"column":15}},"23":{"start":{"line":85,"column":4},"end":{"line":194,"column":5}},"24":{"start":{"line":91,"column":8},"end":{"line":99,"column":10}},"25":{"start":{"line":98,"column":12},"end":{"line":98,"column":35}},"26":{"start":{"line":102,"column":8},"end":{"line":104,"column":63}},"27":{"start":{"line":105,"column":8},"end":{"line":105,"column":14}},"28":{"start":{"line":112,"column":8},"end":{"line":121,"column":10},"skip":true},"29":{"start":{"line":119,"column":12},"end":{"line":119,"column":55},"skip":true},"30":{"start":{"line":120,"column":12},"end":{"line":120,"column":48},"skip":true},"31":{"start":{"line":123,"column":8},"end":{"line":136,"column":10},"skip":true},"32":{"start":{"line":130,"column":12},"end":{"line":130,"column":76},"skip":true},"33":{"start":{"line":131,"column":12},"end":{"line":131,"column":73},"skip":true},"34":{"start":{"line":132,"column":12},"end":{"line":132,"column":74},"skip":true},"35":{"start":{"line":133,"column":12},"end":{"line":133,"column":79},"skip":true},"36":{"start":{"line":134,"column":12},"end":{"line":134,"column":25},"skip":true},"37":{"start":{"line":135,"column":12},"end":{"line":135,"column":45},"skip":true},"38":{"start":{"line":138,"column":8},"end":{"line":145,"column":14},"skip":true},"39":{"start":{"line":143,"column":16},"end":{"line":143,"column":29},"skip":true},"40":{"start":{"line":144,"column":16},"end":{"line":144,"column":55},"skip":true},"41":{"start":{"line":147,"column":8},"end":{"line":156,"column":10},"skip":true},"42":{"start":{"line":154,"column":12},"end":{"line":154,"column":25},"skip":true},"43":{"start":{"line":155,"column":12},"end":{"line":155,"column":45},"skip":true},"44":{"start":{"line":158,"column":8},"end":{"line":167,"column":10},"skip":true},"45":{"start":{"line":165,"column":12},"end":{"line":165,"column":25},"skip":true},"46":{"start":{"line":166,"column":12},"end":{"line":166,"column":48},"skip":true},"47":{"start":{"line":169,"column":8},"end":{"line":178,"column":10},"skip":true},"48":{"start":{"line":176,"column":12},"end":{"line":176,"column":25},"skip":true},"49":{"start":{"line":177,"column":12},"end":{"line":177,"column":46},"skip":true},"50":{"start":{"line":180,"column":8},"end":{"line":189,"column":10},"skip":true},"51":{"start":{"line":187,"column":12},"end":{"line":187,"column":94},"skip":true},"52":{"start":{"line":188,"column":12},"end":{"line":188,"column":48},"skip":true},"53":{"start":{"line":192,"column":8},"end":{"line":192,"column":35},"skip":true},"54":{"start":{"line":193,"column":8},"end":{"line":193,"column":14},"skip":true}},"branchMap":{"1":{"line":25,"type":"binary-expr","locations":[{"start":{"line":25,"column":23},"end":{"line":25,"column":62}},{"start":{"line":26,"column":20},"end":{"line":26,"column":70}},{"start":{"line":27,"column":20},"end":{"line":27,"column":71}},{"start":{"line":28,"column":20},"end":{"line":28,"column":29}}]},"2":{"line":30,"type":"binary-expr","locations":[{"start":{"line":30,"column":23},"end":{"line":30,"column":37}},{"start":{"line":31,"column":20},"end":{"line":31,"column":61}},{"start":{"line":32,"column":20},"end":{"line":32,"column":70}},{"start":{"line":33,"column":20},"end":{"line":33,"column":26}}]},"3":{"line":37,"type":"cond-expr","locations":[{"start":{"line":38,"column":14},"end":{"line":38,"column":20}},{"start":{"line":39,"column":14},"end":{"line":39,"column":20}}]},"4":{"line":40,"type":"switch","locations":[{"start":{"line":42,"column":8},"end":{"line":47,"column":18}},{"start":{"line":49,"column":8},"end":{"line":52,"column":18}}]},"5":{"line":44,"type":"binary-expr","locations":[{"start":{"line":44,"column":16},"end":{"line":44,"column":44}},{"start":{"line":44,"column":48},"end":{"line":44,"column":66}}]},"6":{"line":50,"type":"binary-expr","locations":[{"start":{"line":50,"column":21},"end":{"line":50,"column":49}},{"start":{"line":50,"column":53},"end":{"line":50,"column":72}}]},"7":{"line":64,"type":"switch","locations":[{"start":{"line":69,"column":4},"end":{"line":70,"column":14}},{"start":{"line":75,"column":4},"end":{"line":76,"column":14}}]},"8":{"line":85,"type":"switch","locations":[{"start":{"line":90,"column":4},"end":{"line":105,"column":14}},{"start":{"line":111,"column":4},"end":{"line":193,"column":14},"skip":true}]},"9":{"line":91,"type":"binary-expr","locations":[{"start":{"line":91,"column":42},"end":{"line":91,"column":73}},{"start":{"line":91,"column":77},"end":{"line":99,"column":9}}]},"10":{"line":102,"type":"binary-expr","locations":[{"start":{"line":102,"column":18},"end":{"line":102,"column":32}},{"start":{"line":103,"column":12},"end":{"line":103,"column":53}},{"start":{"line":104,"column":12},"end":{"line":104,"column":61}}]},"11":{"line":112,"type":"binary-expr","locations":[{"start":{"line":112,"column":45},"end":{"line":112,"column":79},"skip":true},{"start":{"line":112,"column":83},"end":{"line":121,"column":9},"skip":true}]},"12":{"line":123,"type":"binary-expr","locations":[{"start":{"line":123,"column":42},"end":{"line":123,"column":73},"skip":true},{"start":{"line":123,"column":77},"end":{"line":136,"column":9},"skip":true}]},"13":{"line":138,"type":"binary-expr","locations":[{"start":{"line":138,"column":48},"end":{"line":138,"column":85},"skip":true},{"start":{"line":139,"column":12},"end":{"line":145,"column":13},"skip":true}]},"14":{"line":147,"type":"binary-expr","locations":[{"start":{"line":147,"column":42},"end":{"line":147,"column":73},"skip":true},{"start":{"line":147,"column":77},"end":{"line":156,"column":9},"skip":true}]},"15":{"line":158,"type":"binary-expr","locations":[{"start":{"line":158,"column":45},"end":{"line":158,"column":79},"skip":true},{"start":{"line":158,"column":83},"end":{"line":167,"column":9},"skip":true}]},"16":{"line":169,"type":"binary-expr","locations":[{"start":{"line":169,"column":43},"end":{"line":169,"column":75},"skip":true},{"start":{"line":169,"column":79},"end":{"line":178,"column":9},"skip":true}]},"17":{"line":180,"type":"binary-expr","locations":[{"start":{"line":180,"column":41},"end":{"line":180,"column":71},"skip":true},{"start":{"line":180,"column":75},"end":{"line":189,"column":9},"skip":true}]}},"code":["/* istanbul instrument in package npmtest_node_mac */","/*jslint","    bitwise: true,","    browser: true,","    maxerr: 8,","    maxlen: 96,","    node: true,","    nomen: true,","    regexp: true,","    stupid: true","*/","(function () {","    'use strict';","    var local;","","","","    // run shared js-env code - init-before","    (function () {","        // init local","        local = {};","        // init modeJs","        local.modeJs = (function () {","            try {","                return typeof navigator.userAgent === 'string' &&","                    typeof document.querySelector('body') === 'object' &&","                    typeof XMLHttpRequest.prototype.open === 'function' &&","                    'browser';","            } catch (errorCaughtBrowser) {","                return module.exports &&","                    typeof process.versions.node === 'string' &&","                    typeof require('http').createServer === 'function' &&","                    'node';","            }","        }());","        // init global","        local.global = local.modeJs === 'browser'","            ? window","            : global;","        switch (local.modeJs) {","        // re-init local from window.local","        case 'browser':","            local = local.global.utility2.objectSetDefault(","                local.global.utility2_rollup || local.global.local,","                local.global.utility2","            );","            break;","        // re-init local from example.js","        case 'node':","            local = (local.global.utility2_rollup || require('utility2'))","                .requireReadme();","            break;","        }","        // export local","        local.global.local = local;","    }());","","","","    // run shared js-env code - function","    (function () {","        return;","    }());","    switch (local.modeJs) {","","","","    // run browser js-env code - function","    case 'browser':","        break;","","","","    // run node js-env code - function","    case 'node':","        break;","    }","","","","    // run shared js-env code - init-after","    (function () {","        return;","    }());","    switch (local.modeJs) {","","","","    // run browser js-env code - init-after","    case 'browser':","        local.testCase_browser_nullCase = local.testCase_browser_nullCase || function (","            options,","            onError","        ) {","        /*","         * this function will test browsers's null-case handling-behavior-behavior","         */","            onError(null, options);","        };","","        // run tests","        local.nop(local.modeTest &&","            document.querySelector('#testRunButton1') &&","            document.querySelector('#testRunButton1').click());","        break;","","","","    // run node js-env code - init-after","    /* istanbul ignore next */","    case 'node':","        local.testCase_buildApidoc_default = local.testCase_buildApidoc_default || function (","            options,","            onError","        ) {","        /*","         * this function will test buildApidoc's default handling-behavior-behavior","         */","            options = { modulePathList: module.paths };","            local.buildApidoc(options, onError);","        };","","        local.testCase_buildApp_default = local.testCase_buildApp_default || function (","            options,","            onError","        ) {","        /*","         * this function will test buildApp's default handling-behavior-behavior","         */","            local.testCase_buildReadme_default(options, local.onErrorThrow);","            local.testCase_buildLib_default(options, local.onErrorThrow);","            local.testCase_buildTest_default(options, local.onErrorThrow);","            local.testCase_buildCustomOrg_default(options, local.onErrorThrow);","            options = [];","            local.buildApp(options, onError);","        };","","        local.testCase_buildCustomOrg_default = local.testCase_buildCustomOrg_default ||","            function (options, onError) {","            /*","             * this function will test buildCustomOrg's default handling-behavior","             */","                options = {};","                local.buildCustomOrg(options, onError);","            };","","        local.testCase_buildLib_default = local.testCase_buildLib_default || function (","            options,","            onError","        ) {","        /*","         * this function will test buildLib's default handling-behavior","         */","            options = {};","            local.buildLib(options, onError);","        };","","        local.testCase_buildReadme_default = local.testCase_buildReadme_default || function (","            options,","            onError","        ) {","        /*","         * this function will test buildReadme's default handling-behavior-behavior","         */","            options = {};","            local.buildReadme(options, onError);","        };","","        local.testCase_buildTest_default = local.testCase_buildTest_default || function (","            options,","            onError","        ) {","        /*","         * this function will test buildTest's default handling-behavior","         */","            options = {};","            local.buildTest(options, onError);","        };","","        local.testCase_webpage_default = local.testCase_webpage_default || function (","            options,","            onError","        ) {","        /*","         * this function will test webpage's default handling-behavior","         */","            options = { modeCoverageMerge: true, url: local.serverLocalHost + '?modeTest=1' };","            local.browserTest(options, onError);","        };","","        // run test-server","        local.testRunServer(local);","        break;","    }","}());",""],"l":{"12":2,"14":2,"19":2,"21":2,"23":2,"24":2,"25":2,"30":1,"37":2,"40":2,"43":1,"47":1,"50":1,"52":1,"55":2,"61":2,"62":2,"64":2,"70":1,"76":1,"82":2,"83":2,"85":2,"91":1,"98":1,"102":1,"105":1,"112":1,"119":1,"120":1,"123":1,"130":1,"131":1,"132":1,"133":1,"134":1,"135":1,"138":1,"143":2,"144":2,"147":1,"154":2,"155":2,"158":1,"165":2,"166":2,"169":1,"176":2,"177":2,"180":1,"187":1,"188":1,"192":1,"193":1}},"/home/travis/build/npmtest/node-npmtest-node-mac/lib.npmtest_node_mac.js":{"path":"/home/travis/build/npmtest/node-npmtest-node-mac/lib.npmtest_node_mac.js","s":{"1":2,"2":2,"3":2,"4":2,"5":2,"6":2,"7":2,"8":1,"9":2,"10":2,"11":2,"12":2,"13":1,"14":1,"15":1,"16":1},"b":{"1":[2,1,1,1],"2":[1,1,1,1],"3":[1,1],"4":[2,2],"5":[1,1]},"f":{"1":2,"2":2,"3":2},"fnMap":{"1":{"name":"(anonymous_1)","line":12,"loc":{"start":{"line":12,"column":1},"end":{"line":12,"column":13}}},"2":{"name":"(anonymous_2)","line":19,"loc":{"start":{"line":19,"column":5},"end":{"line":19,"column":17}}},"3":{"name":"(anonymous_3)","line":23,"loc":{"start":{"line":23,"column":24},"end":{"line":23,"column":36}}}},"statementMap":{"1":{"start":{"line":12,"column":0},"end":{"line":53,"column":5}},"2":{"start":{"line":14,"column":4},"end":{"line":14,"column":14}},"3":{"start":{"line":19,"column":4},"end":{"line":52,"column":9}},"4":{"start":{"line":21,"column":8},"end":{"line":21,"column":19}},"5":{"start":{"line":23,"column":8},"end":{"line":35,"column":13}},"6":{"start":{"line":24,"column":12},"end":{"line":34,"column":13}},"7":{"start":{"line":25,"column":16},"end":{"line":28,"column":30}},"8":{"start":{"line":30,"column":16},"end":{"line":33,"column":27}},"9":{"start":{"line":37,"column":8},"end":{"line":39,"column":21}},"10":{"start":{"line":41,"column":8},"end":{"line":41,"column":54}},"11":{"start":{"line":43,"column":8},"end":{"line":43,"column":53}},"12":{"start":{"line":45,"column":8},"end":{"line":51,"column":9}},"13":{"start":{"line":46,"column":12},"end":{"line":46,"column":59}},"14":{"start":{"line":48,"column":12},"end":{"line":48,"column":35}},"15":{"start":{"line":49,"column":12},"end":{"line":49,"column":49}},"16":{"start":{"line":50,"column":12},"end":{"line":50,"column":43}}},"branchMap":{"1":{"line":25,"type":"binary-expr","locations":[{"start":{"line":25,"column":23},"end":{"line":25,"column":62}},{"start":{"line":26,"column":20},"end":{"line":26,"column":70}},{"start":{"line":27,"column":20},"end":{"line":27,"column":71}},{"start":{"line":28,"column":20},"end":{"line":28,"column":29}}]},"2":{"line":30,"type":"binary-expr","locations":[{"start":{"line":30,"column":23},"end":{"line":30,"column":37}},{"start":{"line":31,"column":20},"end":{"line":31,"column":61}},{"start":{"line":32,"column":20},"end":{"line":32,"column":70}},{"start":{"line":33,"column":20},"end":{"line":33,"column":26}}]},"3":{"line":37,"type":"cond-expr","locations":[{"start":{"line":38,"column":14},"end":{"line":38,"column":20}},{"start":{"line":39,"column":14},"end":{"line":39,"column":20}}]},"4":{"line":41,"type":"binary-expr","locations":[{"start":{"line":41,"column":16},"end":{"line":41,"column":44}},{"start":{"line":41,"column":48},"end":{"line":41,"column":53}}]},"5":{"line":45,"type":"if","locations":[{"start":{"line":45,"column":8},"end":{"line":45,"column":8}},{"start":{"line":45,"column":8},"end":{"line":45,"column":8}}]}},"code":["/* istanbul instrument in package npmtest_node_mac */","/*jslint","    bitwise: true,","    browser: true,","    maxerr: 8,","    maxlen: 96,","    node: true,","    nomen: true,","    regexp: true,","    stupid: true","*/","(function () {","    'use strict';","    var local;","","","","    // run shared js-env code - init-before","    (function () {","        // init local","        local = {};","        // init modeJs","        local.modeJs = (function () {","            try {","                return typeof navigator.userAgent === 'string' &&","                    typeof document.querySelector('body') === 'object' &&","                    typeof XMLHttpRequest.prototype.open === 'function' &&","                    'browser';","            } catch (errorCaughtBrowser) {","                return module.exports &&","                    typeof process.versions.node === 'string' &&","                    typeof require('http').createServer === 'function' &&","                    'node';","            }","        }());","        // init global","        local.global = local.modeJs === 'browser'","            ? window","            : global;","        // init utility2_rollup","        local = local.global.utility2_rollup || local;","        // init lib","        local.local = local.npmtest_node_mac = local;","        // init exports","        if (local.modeJs === 'browser') {","            local.global.utility2_npmtest_node_mac = local;","        } else {","            module.exports = local;","            module.exports.__dirname = __dirname;","            module.exports.module = module;","        }","    }());","}());",""],"l":{"12":2,"14":2,"19":2,"21":2,"23":2,"24":2,"25":2,"30":1,"37":2,"41":2,"43":2,"45":2,"46":1,"48":1,"49":1,"50":1}},"/home/travis/build/npmtest/node-npmtest-node-mac/example.js":{"path":"/home/travis/build/npmtest/node-npmtest-node-mac/example.js","s":{"1":2,"2":2,"3":2,"4":2,"5":2,"6":2,"7":2,"8":1,"9":2,"10":2,"11":2,"12":2,"13":1,"14":2,"15":2,"16":2,"17":2,"18":2,"19":0,"20":2,"21":1,"22":1,"23":1,"24":1,"25":1,"26":0,"27":0,"28":1,"29":1,"30":2,"31":0,"32":0,"33":0,"34":1,"35":2,"36":2,"37":3,"38":3,"39":3,"40":3,"41":0,"42":3,"43":3,"44":3,"45":1,"46":3,"47":1,"48":1,"49":1,"50":1,"51":1,"52":1,"53":1,"54":1,"55":1,"56":1,"57":0,"58":1,"59":6,"60":6,"61":1,"62":2,"63":0,"64":2,"65":1,"66":1,"67":0,"68":0,"69":0,"70":0,"71":0,"72":0,"73":0,"74":0,"75":0,"76":0,"77":0,"78":0,"79":0,"80":0,"81":0,"82":0,"83":0},"b":{"1":[2,1,1,1],"2":[1,1,1,1],"3":[1,1],"4":[2,2],"5":[1,1],"6":[1,1],"7":[2,0],"8":[2,1,1,1,1,1],"9":[0,2,0],"10":[1,1],"11":[2,1,1],"12":[1,0],"13":[0,2],"14":[2,0,0,0,0,0,0],"15":[0,3],"16":[3,0],"17":[1,1],"18":[0,1],"19":[1,2,0,2],"20":[1,0],"21":[1,1],"22":[0,0],"23":[0,0],"24":[0,0],"25":[0,0],"26":[0,0],"27":[0,0],"28":[0,0]},"f":{"1":2,"2":2,"3":2,"4":2,"5":2,"6":2,"7":3,"8":3,"9":3,"10":1,"11":6,"12":0},"fnMap":{"1":{"name":"(anonymous_1)","line":26,"loc":{"start":{"line":26,"column":1},"end":{"line":26,"column":13}}},"2":{"name":"(anonymous_2)","line":33,"loc":{"start":{"line":33,"column":5},"end":{"line":33,"column":17}}},"3":{"name":"(anonymous_3)","line":37,"loc":{"start":{"line":37,"column":24},"end":{"line":37,"column":36}}},"4":{"name":"(anonymous_4)","line":69,"loc":{"start":{"line":69,"column":31},"end":{"line":69,"column":48}},"skip":true},"5":{"name":"(anonymous_5)","line":78,"loc":{"start":{"line":78,"column":26},"end":{"line":78,"column":45}},"skip":true},"6":{"name":"(anonymous_6)","line":123,"loc":{"start":{"line":123,"column":33},"end":{"line":123,"column":48}},"skip":true},"7":{"name":"(anonymous_7)","line":125,"loc":{"start":{"line":125,"column":27},"end":{"line":125,"column":39}},"skip":true},"8":{"name":"(anonymous_8)","line":133,"loc":{"start":{"line":133,"column":59},"end":{"line":133,"column":74}},"skip":true},"9":{"name":"(anonymous_9)","line":143,"loc":{"start":{"line":143,"column":45},"end":{"line":143,"column":62}},"skip":true},"10":{"name":"(anonymous_10)","line":144,"loc":{"start":{"line":144,"column":73},"end":{"line":144,"column":92}},"skip":true},"11":{"name":"(anonymous_11)","line":272,"loc":{"start":{"line":272,"column":51},"end":{"line":272,"column":77}},"skip":true},"12":{"name":"(anonymous_12)","line":315,"loc":{"start":{"line":315,"column":32},"end":{"line":315,"column":61}},"skip":true}},"statementMap":{"1":{"start":{"line":26,"column":0},"end":{"line":326,"column":5}},"2":{"start":{"line":28,"column":4},"end":{"line":28,"column":14}},"3":{"start":{"line":33,"column":4},"end":{"line":60,"column":9}},"4":{"start":{"line":35,"column":8},"end":{"line":35,"column":19}},"5":{"start":{"line":37,"column":8},"end":{"line":49,"column":13}},"6":{"start":{"line":38,"column":12},"end":{"line":48,"column":13}},"7":{"start":{"line":39,"column":16},"end":{"line":42,"column":30}},"8":{"start":{"line":44,"column":16},"end":{"line":47,"column":27}},"9":{"start":{"line":51,"column":8},"end":{"line":53,"column":21}},"10":{"start":{"line":55,"column":8},"end":{"line":57,"column":45}},"11":{"start":{"line":59,"column":8},"end":{"line":59,"column":35}},"12":{"start":{"line":61,"column":4},"end":{"line":325,"column":5}},"13":{"start":{"line":69,"column":8},"end":{"line":121,"column":10},"skip":true},"14":{"start":{"line":70,"column":12},"end":{"line":88,"column":13},"skip":true},"15":{"start":{"line":76,"column":16},"end":{"line":87,"column":19},"skip":true},"16":{"start":{"line":79,"column":20},"end":{"line":86,"column":21},"skip":true},"17":{"start":{"line":82,"column":24},"end":{"line":82,"column":43},"skip":true},"18":{"start":{"line":83,"column":24},"end":{"line":83,"column":30},"skip":true},"19":{"start":{"line":85,"column":24},"end":{"line":85,"column":49},"skip":true},"20":{"start":{"line":89,"column":12},"end":{"line":107,"column":13},"skip":true},"21":{"start":{"line":92,"column":16},"end":{"line":102,"column":17},"skip":true},"22":{"start":{"line":93,"column":20},"end":{"line":93,"column":86},"skip":true},"23":{"start":{"line":94,"column":20},"end":{"line":95,"column":45},"skip":true},"24":{"start":{"line":96,"column":20},"end":{"line":96,"column":42},"skip":true},"25":{"start":{"line":97,"column":20},"end":{"line":97,"column":48},"skip":true},"26":{"start":{"line":100,"column":20},"end":{"line":100,"column":85},"skip":true},"27":{"start":{"line":101,"column":20},"end":{"line":101,"column":96},"skip":true},"28":{"start":{"line":103,"column":16},"end":{"line":103,"column":22},"skip":true},"29":{"start":{"line":106,"column":16},"end":{"line":106,"column":22},"skip":true},"30":{"start":{"line":108,"column":12},"end":{"line":120,"column":13},"skip":true},"31":{"start":{"line":114,"column":16},"end":{"line":119,"column":17},"skip":true},"32":{"start":{"line":116,"column":20},"end":{"line":116,"column":78},"skip":true},"33":{"start":{"line":118,"column":20},"end":{"line":118,"column":47},"skip":true},"34":{"start":{"line":123,"column":8},"end":{"line":141,"column":11},"skip":true},"35":{"start":{"line":124,"column":12},"end":{"line":124,"column":54},"skip":true},"36":{"start":{"line":125,"column":12},"end":{"line":140,"column":14},"skip":true},"37":{"start":{"line":126,"column":16},"end":{"line":126,"column":28},"skip":true},"38":{"start":{"line":127,"column":16},"end":{"line":127,"column":69},"skip":true},"39":{"start":{"line":128,"column":16},"end":{"line":128,"column":75},"skip":true},"40":{"start":{"line":129,"column":16},"end":{"line":131,"column":17},"skip":true},"41":{"start":{"line":130,"column":20},"end":{"line":130,"column":27},"skip":true},"42":{"start":{"line":133,"column":16},"end":{"line":137,"column":36},"skip":true},"43":{"start":{"line":134,"column":20},"end":{"line":136,"column":55},"skip":true},"44":{"start":{"line":139,"column":16},"end":{"line":139,"column":57},"skip":true},"45":{"start":{"line":143,"column":8},"end":{"line":147,"column":11},"skip":true},"46":{"start":{"line":144,"column":12},"end":{"line":146,"column":15},"skip":true},"47":{"start":{"line":145,"column":16},"end":{"line":145,"column":70},"skip":true},"48":{"start":{"line":149,"column":8},"end":{"line":149,"column":31},"skip":true},"49":{"start":{"line":150,"column":8},"end":{"line":150,"column":14},"skip":true},"50":{"start":{"line":158,"column":8},"end":{"line":158,"column":31},"skip":true},"51":{"start":{"line":160,"column":8},"end":{"line":160,"column":33},"skip":true},"52":{"start":{"line":161,"column":8},"end":{"line":161,"column":37},"skip":true},"53":{"start":{"line":162,"column":8},"end":{"line":162,"column":35},"skip":true},"54":{"start":{"line":164,"column":8},"end":{"line":164,"column":50},"skip":true},"55":{"start":{"line":166,"column":8},"end":{"line":256,"column":2},"skip":true},"56":{"start":{"line":258,"column":8},"end":{"line":286,"column":9},"skip":true},"57":{"start":{"line":259,"column":12},"end":{"line":269,"column":14},"skip":true},"58":{"start":{"line":271,"column":12},"end":{"line":285,"column":19},"skip":true},"59":{"start":{"line":274,"column":20},"end":{"line":274,"column":35},"skip":true},"60":{"start":{"line":275,"column":20},"end":{"line":284,"column":21},"skip":true},"61":{"start":{"line":277,"column":24},"end":{"line":277,"column":64},"skip":true},"62":{"start":{"line":279,"column":24},"end":{"line":279,"column":40},"skip":true},"63":{"start":{"line":281,"column":24},"end":{"line":281,"column":40},"skip":true},"64":{"start":{"line":283,"column":24},"end":{"line":283,"column":39},"skip":true},"65":{"start":{"line":288,"column":8},"end":{"line":290,"column":9},"skip":true},"66":{"start":{"line":289,"column":12},"end":{"line":289,"column":18},"skip":true},"67":{"start":{"line":291,"column":8},"end":{"line":293,"column":54},"skip":true},"68":{"start":{"line":296,"column":8},"end":{"line":301,"column":37},"skip":true},"69":{"start":{"line":303,"column":8},"end":{"line":303,"column":82},"skip":true},"70":{"start":{"line":306,"column":8},"end":{"line":308,"column":9},"skip":true},"71":{"start":{"line":307,"column":12},"end":{"line":307,"column":82},"skip":true},"72":{"start":{"line":310,"column":8},"end":{"line":312,"column":9},"skip":true},"73":{"start":{"line":311,"column":12},"end":{"line":311,"column":18},"skip":true},"74":{"start":{"line":313,"column":8},"end":{"line":313,"column":54},"skip":true},"75":{"start":{"line":314,"column":8},"end":{"line":314,"column":69},"skip":true},"76":{"start":{"line":315,"column":8},"end":{"line":323,"column":36},"skip":true},"77":{"start":{"line":316,"column":12},"end":{"line":316,"column":61},"skip":true},"78":{"start":{"line":317,"column":12},"end":{"line":320,"column":13},"skip":true},"79":{"start":{"line":318,"column":16},"end":{"line":318,"column":75},"skip":true},"80":{"start":{"line":319,"column":16},"end":{"line":319,"column":23},"skip":true},"81":{"start":{"line":321,"column":12},"end":{"line":321,"column":38},"skip":true},"82":{"start":{"line":322,"column":12},"end":{"line":322,"column":27},"skip":true},"83":{"start":{"line":324,"column":8},"end":{"line":324,"column":14},"skip":true}},"branchMap":{"1":{"line":39,"type":"binary-expr","locations":[{"start":{"line":39,"column":23},"end":{"line":39,"column":62}},{"start":{"line":40,"column":20},"end":{"line":40,"column":70}},{"start":{"line":41,"column":20},"end":{"line":41,"column":71}},{"start":{"line":42,"column":20},"end":{"line":42,"column":29}}]},"2":{"line":44,"type":"binary-expr","locations":[{"start":{"line":44,"column":23},"end":{"line":44,"column":37}},{"start":{"line":45,"column":20},"end":{"line":45,"column":61}},{"start":{"line":46,"column":20},"end":{"line":46,"column":70}},{"start":{"line":47,"column":20},"end":{"line":47,"column":26}}]},"3":{"line":51,"type":"cond-expr","locations":[{"start":{"line":52,"column":14},"end":{"line":52,"column":20}},{"start":{"line":53,"column":14},"end":{"line":53,"column":20}}]},"4":{"line":55,"type":"binary-expr","locations":[{"start":{"line":55,"column":16},"end":{"line":55,"column":44}},{"start":{"line":55,"column":49},"end":{"line":57,"column":43}}]},"5":{"line":55,"type":"cond-expr","locations":[{"start":{"line":56,"column":14},"end":{"line":56,"column":52}},{"start":{"line":57,"column":14},"end":{"line":57,"column":43}}]},"6":{"line":61,"type":"switch","locations":[{"start":{"line":68,"column":4},"end":{"line":150,"column":14},"skip":true},{"start":{"line":156,"column":4},"end":{"line":324,"column":14},"skip":true}]},"7":{"line":70,"type":"if","locations":[{"start":{"line":70,"column":12},"end":{"line":70,"column":12},"skip":true},{"start":{"line":70,"column":12},"end":{"line":70,"column":12},"skip":true}]},"8":{"line":70,"type":"binary-expr","locations":[{"start":{"line":70,"column":16},"end":{"line":70,"column":22},"skip":true},{"start":{"line":70,"column":27},"end":{"line":70,"column":32},"skip":true},{"start":{"line":71,"column":20},"end":{"line":71,"column":39},"skip":true},{"start":{"line":72,"column":20},"end":{"line":72,"column":49},"skip":true},{"start":{"line":73,"column":20},"end":{"line":73,"column":58},"skip":true},{"start":{"line":74,"column":20},"end":{"line":74,"column":69},"skip":true}]},"9":{"line":79,"type":"switch","locations":[{"start":{"line":80,"column":20},"end":{"line":80,"column":33},"skip":true},{"start":{"line":81,"column":20},"end":{"line":83,"column":30},"skip":true},{"start":{"line":84,"column":20},"end":{"line":85,"column":49},"skip":true}]},"10":{"line":89,"type":"switch","locations":[{"start":{"line":90,"column":12},"end":{"line":103,"column":22},"skip":true},{"start":{"line":105,"column":12},"end":{"line":106,"column":22},"skip":true}]},"11":{"line":89,"type":"binary-expr","locations":[{"start":{"line":89,"column":20},"end":{"line":89,"column":25},"skip":true},{"start":{"line":89,"column":29},"end":{"line":89,"column":48},"skip":true},{"start":{"line":89,"column":52},"end":{"line":89,"column":74},"skip":true}]},"12":{"line":92,"type":"if","locations":[{"start":{"line":92,"column":16},"end":{"line":92,"column":16},"skip":true},{"start":{"line":92,"column":16},"end":{"line":92,"column":16},"skip":true}]},"13":{"line":108,"type":"if","locations":[{"start":{"line":108,"column":12},"end":{"line":108,"column":12},"skip":true},{"start":{"line":108,"column":12},"end":{"line":108,"column":12},"skip":true}]},"14":{"line":108,"type":"binary-expr","locations":[{"start":{"line":108,"column":16},"end":{"line":108,"column":61},"skip":true},{"start":{"line":108,"column":66},"end":{"line":108,"column":72},"skip":true},{"start":{"line":108,"column":77},"end":{"line":108,"column":82},"skip":true},{"start":{"line":109,"column":20},"end":{"line":109,"column":39},"skip":true},{"start":{"line":110,"column":20},"end":{"line":110,"column":49},"skip":true},{"start":{"line":111,"column":20},"end":{"line":111,"column":58},"skip":true},{"start":{"line":112,"column":20},"end":{"line":112,"column":68},"skip":true}]},"15":{"line":129,"type":"if","locations":[{"start":{"line":129,"column":16},"end":{"line":129,"column":16},"skip":true},{"start":{"line":129,"column":16},"end":{"line":129,"column":16},"skip":true}]},"16":{"line":134,"type":"cond-expr","locations":[{"start":{"line":135,"column":26},"end":{"line":135,"column":29},"skip":true},{"start":{"line":136,"column":26},"end":{"line":136,"column":54},"skip":true}]},"17":{"line":164,"type":"binary-expr","locations":[{"start":{"line":164,"column":27},"end":{"line":164,"column":43},"skip":true},{"start":{"line":164,"column":47},"end":{"line":164,"column":49},"skip":true}]},"18":{"line":258,"type":"if","locations":[{"start":{"line":258,"column":8},"end":{"line":258,"column":8},"skip":true},{"start":{"line":258,"column":8},"end":{"line":258,"column":8},"skip":true}]},"19":{"line":275,"type":"switch","locations":[{"start":{"line":276,"column":20},"end":{"line":277,"column":64},"skip":true},{"start":{"line":278,"column":20},"end":{"line":279,"column":40},"skip":true},{"start":{"line":280,"column":20},"end":{"line":281,"column":40},"skip":true},{"start":{"line":282,"column":20},"end":{"line":283,"column":39},"skip":true}]},"20":{"line":288,"type":"if","locations":[{"start":{"line":288,"column":8},"end":{"line":288,"column":8},"skip":true},{"start":{"line":288,"column":8},"end":{"line":288,"column":8},"skip":true}]},"21":{"line":288,"type":"binary-expr","locations":[{"start":{"line":288,"column":12},"end":{"line":288,"column":40},"skip":true},{"start":{"line":288,"column":44},"end":{"line":288,"column":67},"skip":true}]},"22":{"line":292,"type":"binary-expr","locations":[{"start":{"line":292,"column":12},"end":{"line":292,"column":50},"skip":true},{"start":{"line":293,"column":12},"end":{"line":293,"column":53},"skip":true}]},"23":{"line":297,"type":"binary-expr","locations":[{"start":{"line":297,"column":12},"end":{"line":297,"column":66},"skip":true},{"start":{"line":298,"column":12},"end":{"line":301,"column":36},"skip":true}]},"24":{"line":303,"type":"binary-expr","locations":[{"start":{"line":303,"column":43},"end":{"line":303,"column":75},"skip":true},{"start":{"line":303,"column":79},"end":{"line":303,"column":81},"skip":true}]},"25":{"line":306,"type":"if","locations":[{"start":{"line":306,"column":8},"end":{"line":306,"column":8},"skip":true},{"start":{"line":306,"column":8},"end":{"line":306,"column":8},"skip":true}]},"26":{"line":310,"type":"if","locations":[{"start":{"line":310,"column":8},"end":{"line":310,"column":8},"skip":true},{"start":{"line":310,"column":8},"end":{"line":310,"column":8},"skip":true}]},"27":{"line":313,"type":"binary-expr","locations":[{"start":{"line":313,"column":27},"end":{"line":313,"column":43},"skip":true},{"start":{"line":313,"column":47},"end":{"line":313,"column":53},"skip":true}]},"28":{"line":317,"type":"if","locations":[{"start":{"line":317,"column":12},"end":{"line":317,"column":12},"skip":true},{"start":{"line":317,"column":12},"end":{"line":317,"column":12},"skip":true}]}},"code":["/*","example.js","","quickstart example","","instruction","    1. save this script as example.js","    2. run the shell command:","        $ npm install npmtest-node-mac && PORT=8081 node example.js","    3. play with the browser-demo on http://127.0.0.1:8081","*/","","","","/* istanbul instrument in package npmtest_node_mac */","/*jslint","    bitwise: true,","    browser: true,","    maxerr: 8,","    maxlen: 96,","    node: true,","    nomen: true,","    regexp: true,","    stupid: true","*/","(function () {","    'use strict';","    var local;","","","","    // run shared js-env code - init-before","    (function () {","        // init local","        local = {};","        // init modeJs","        local.modeJs = (function () {","            try {","                return typeof navigator.userAgent === 'string' &&","                    typeof document.querySelector('body') === 'object' &&","                    typeof XMLHttpRequest.prototype.open === 'function' &&","                    'browser';","            } catch (errorCaughtBrowser) {","                return module.exports &&","                    typeof process.versions.node === 'string' &&","                    typeof require('http').createServer === 'function' &&","                    'node';","            }","        }());","        // init global","        local.global = local.modeJs === 'browser'","            ? window","            : global;","        // init utility2_rollup","        local = local.global.utility2_rollup || (local.modeJs === 'browser'","            ? local.global.utility2_npmtest_node_mac","            : global.utility2_moduleExports);","        // export local","        local.global.local = local;","    }());","    switch (local.modeJs) {","","","","    // init-after","    // run browser js-env code - init-after","    /* istanbul ignore next */","    case 'browser':","        local.testRunBrowser = function (event) {","            if (!event || (event &&","                    event.currentTarget &&","                    event.currentTarget.className &&","                    event.currentTarget.className.includes &&","                    event.currentTarget.className.includes('onreset'))) {","                // reset output","                Array.from(","                    document.querySelectorAll('body > .resettable')","                ).forEach(function (element) {","                    switch (element.tagName) {","                    case 'INPUT':","                    case 'TEXTAREA':","                        element.value = '';","                        break;","                    default:","                        element.textContent = '';","                    }","                });","            }","            switch (event && event.currentTarget && event.currentTarget.id) {","            case 'testRunButton1':","                // show tests","                if (document.querySelector('#testReportDiv1').style.display === 'none') {","                    document.querySelector('#testReportDiv1').style.display = 'block';","                    document.querySelector('#testRunButton1').textContent =","                        'hide internal test';","                    local.modeTest = true;","                    local.testRunDefault(local);","                // hide tests","                } else {","                    document.querySelector('#testReportDiv1').style.display = 'none';","                    document.querySelector('#testRunButton1').textContent = 'run internal test';","                }","                break;","            // custom-case","            default:","                break;","            }","            if (document.querySelector('#inputTextareaEval1') && (!event || (event &&","                    event.currentTarget &&","                    event.currentTarget.className &&","                    event.currentTarget.className.includes &&","                    event.currentTarget.className.includes('oneval')))) {","                // try to eval input-code","                try {","                    /*jslint evil: true*/","                    eval(document.querySelector('#inputTextareaEval1').value);","                } catch (errorCaught) {","                    console.error(errorCaught);","                }","            }","        };","        // log stderr and stdout to #outputTextareaStdout1","        ['error', 'log'].forEach(function (key) {","            console[key + '_original'] = console[key];","            console[key] = function () {","                var element;","                console[key + '_original'].apply(console, arguments);","                element = document.querySelector('#outputTextareaStdout1');","                if (!element) {","                    return;","                }","                // append text to #outputTextareaStdout1","                element.value += Array.from(arguments).map(function (arg) {","                    return typeof arg === 'string'","                        ? arg","                        : JSON.stringify(arg, null, 4);","                }).join(' ') + '\\n';","                // scroll textarea to bottom","                element.scrollTop = element.scrollHeight;","            };","        });","        // init event-handling","        ['change', 'click', 'keyup'].forEach(function (event) {","            Array.from(document.querySelectorAll('.on' + event)).forEach(function (element) {","                element.addEventListener(event, local.testRunBrowser);","            });","        });","        // run tests","        local.testRunBrowser();","        break;","","","","    // run node js-env code - init-after","    /* istanbul ignore next */","    case 'node':","        // export local","        module.exports = local;","        // require modules","        local.fs = require('fs');","        local.http = require('http');","        local.url = require('url');","        // init assets","        local.assetsDict = local.assetsDict || {};","        /* jslint-ignore-begin */","        local.assetsDict['/assets.index.template.html'] = '\\","<!doctype html>\\n\\","<html lang=\"en\">\\n\\","<head>\\n\\","<meta charset=\"UTF-8\">\\n\\","<meta name=\"viewport\" content=\"width=device-width, initial-scale=1\">\\n\\","<title>{{env.npm_package_name}} (v{{env.npm_package_version}})</title>\\n\\","<style>\\n\\","/*csslint\\n\\","    box-sizing: false,\\n\\","    universal-selector: false\\n\\","*/\\n\\","* {\\n\\","    box-sizing: border-box;\\n\\","}\\n\\","body {\\n\\","    background: #dde;\\n\\","    font-family: Arial, Helvetica, sans-serif;\\n\\","    margin: 2rem;\\n\\","}\\n\\","body > * {\\n\\","    margin-bottom: 1rem;\\n\\","}\\n\\",".utility2FooterDiv {\\n\\","    margin-top: 20px;\\n\\","    text-align: center;\\n\\","}\\n\\","</style>\\n\\","<style>\\n\\","/*csslint\\n\\","*/\\n\\","textarea {\\n\\","    font-family: monospace;\\n\\","    height: 10rem;\\n\\","    width: 100%;\\n\\","}\\n\\","textarea[readonly] {\\n\\","    background: #ddd;\\n\\","}\\n\\","</style>\\n\\","</head>\\n\\","<body>\\n\\","<!-- utility2-comment\\n\\","<div id=\"ajaxProgressDiv1\" style=\"background: #d00; height: 2px; left: 0; margin: 0; padding: 0; position: fixed; top: 0; transition: background 0.5s, width 1.5s; width: 25%;\"></div>\\n\\","utility2-comment -->\\n\\","<h1>\\n\\","<!-- utility2-comment\\n\\","    <a\\n\\","        {{#if env.npm_package_homepage}}\\n\\","        href=\"{{env.npm_package_homepage}}\"\\n\\","        {{/if env.npm_package_homepage}}\\n\\","        target=\"_blank\"\\n\\","    >\\n\\","utility2-comment -->\\n\\","        {{env.npm_package_name}} (v{{env.npm_package_version}})\\n\\","<!-- utility2-comment\\n\\","    </a>\\n\\","utility2-comment -->\\n\\","</h1>\\n\\","<h3>{{env.npm_package_description}}</h3>\\n\\","<!-- utility2-comment\\n\\","<h4><a download href=\"assets.app.js\">download standalone app</a></h4>\\n\\","<button class=\"onclick onreset\" id=\"testRunButton1\">run internal test</button><br>\\n\\","<div id=\"testReportDiv1\" style=\"display: none;\"></div>\\n\\","utility2-comment -->\\n\\","\\n\\","\\n\\","\\n\\","<label>stderr and stdout</label>\\n\\","<textarea class=\"resettable\" id=\"outputTextareaStdout1\" readonly></textarea>\\n\\","<!-- utility2-comment\\n\\","{{#if isRollup}}\\n\\","<script src=\"assets.app.js\"></script>\\n\\","{{#unless isRollup}}\\n\\","utility2-comment -->\\n\\","<script src=\"assets.utility2.rollup.js\"></script>\\n\\","<script src=\"jsonp.utility2._stateInit?callback=window.utility2._stateInit\"></script>\\n\\","<script src=\"assets.npmtest_node_mac.rollup.js\"></script>\\n\\","<script src=\"assets.example.js\"></script>\\n\\","<script src=\"assets.test.js\"></script>\\n\\","<!-- utility2-comment\\n\\","{{/if isRollup}}\\n\\","utility2-comment -->\\n\\","<div class=\"utility2FooterDiv\">\\n\\","    [ this app was created with\\n\\","    <a href=\"https://github.com/kaizhu256/node-utility2\" target=\"_blank\">utility2</a>\\n\\","    ]\\n\\","</div>\\n\\","</body>\\n\\","</html>\\n\\","';","        /* jslint-ignore-end */","        if (local.templateRender) {","            local.assetsDict['/'] = local.templateRender(","                local.assetsDict['/assets.index.template.html'],","                {","                    env: local.objectSetDefault(local.env, {","                        npm_package_description: 'the greatest app in the world!',","                        npm_package_name: 'my-app',","                        npm_package_nameAlias: 'my_app',","                        npm_package_version: '0.0.1'","                    })","                }","            );","        } else {","            local.assetsDict['/'] = local.assetsDict['/assets.index.template.html']","                .replace((/\\{\\{env\\.(\\w+?)\\}\\}/g), function (match0, match1) {","                    // jslint-hack","                    String(match0);","                    switch (match1) {","                    case 'npm_package_description':","                        return 'the greatest app in the world!';","                    case 'npm_package_name':","                        return 'my-app';","                    case 'npm_package_nameAlias':","                        return 'my_app';","                    case 'npm_package_version':","                        return '0.0.1';","                    }","                });","        }","        // run the cli","        if (local.global.utility2_rollup || module !== require.main) {","            break;","        }","        local.assetsDict['/assets.example.js'] =","            local.assetsDict['/assets.example.js'] ||","            local.fs.readFileSync(__filename, 'utf8');","        // bug-workaround - long $npm_package_buildCustomOrg","        /* jslint-ignore-begin */","        local.assetsDict['/assets.npmtest_node_mac.rollup.js'] =","            local.assetsDict['/assets.npmtest_node_mac.rollup.js'] ||","            local.fs.readFileSync(","                local.npmtest_node_mac.__dirname + '/lib.npmtest_node_mac.js',","                'utf8'","            ).replace((/^#!/), '//');","        /* jslint-ignore-end */","        local.assetsDict['/favicon.ico'] = local.assetsDict['/favicon.ico'] || '';","        // if $npm_config_timeout_exit exists,","        // then exit this process after $npm_config_timeout_exit ms","        if (Number(process.env.npm_config_timeout_exit)) {","            setTimeout(process.exit, Number(process.env.npm_config_timeout_exit));","        }","        // start server","        if (local.global.utility2_serverHttp1) {","            break;","        }","        process.env.PORT = process.env.PORT || '8081';","        console.error('server starting on port ' + process.env.PORT);","        local.http.createServer(function (request, response) {","            request.urlParsed = local.url.parse(request.url);","            if (local.assetsDict[request.urlParsed.pathname] !== undefined) {","                response.end(local.assetsDict[request.urlParsed.pathname]);","                return;","            }","            response.statusCode = 404;","            response.end();","        }).listen(process.env.PORT);","        break;","    }","}());",""],"l":{"26":2,"28":2,"33":2,"35":2,"37":2,"38":2,"39":2,"44":1,"51":2,"55":2,"59":2,"61":2,"69":1,"70":2,"76":2,"79":2,"82":2,"83":2,"85":1,"89":2,"92":1,"93":1,"94":1,"96":1,"97":1,"100":1,"101":1,"103":1,"106":1,"108":2,"114":1,"116":1,"118":1,"123":1,"124":2,"125":2,"126":3,"127":3,"128":3,"129":3,"130":1,"133":3,"134":3,"139":3,"143":1,"144":3,"145":1,"149":1,"150":1,"158":1,"160":1,"161":1,"162":1,"164":1,"166":1,"258":1,"259":1,"271":1,"274":6,"275":6,"277":1,"279":2,"281":1,"283":2,"288":1,"289":1,"291":1,"296":1,"303":1,"306":1,"307":1,"310":1,"311":1,"313":1,"314":1,"315":1,"316":1,"317":1,"318":1,"319":1,"321":1,"322":1,"324":1}},"/home/travis/build/npmtest/node-npmtest-node-mac/node_modules/node-mac/lib/node-mac.js":{"path":"/home/travis/build/npmtest/node-npmtest-node-mac/node_modules/node-mac/lib/node-mac.js","s":{"1":2,"2":2,"3":0},"b":{"1":[2,0]},"f":{},"fnMap":{},"statementMap":{"1":{"start":{"line":18,"column":0},"end":{"line":20,"column":1}},"2":{"start":{"line":19,"column":2},"end":{"line":19,"column":48}},"3":{"start":{"line":23,"column":0},"end":{"line":23,"column":45}}},"branchMap":{"1":{"line":18,"type":"if","locations":[{"start":{"line":18,"column":0},"end":{"line":18,"column":0}},{"start":{"line":18,"column":0},"end":{"line":18,"column":0}}]}},"code":["/**"," * @class nodemac"," * This is a standalone module, originally designed for internal use in [NGN](http://github.com/thinkfirst/NGN)."," * However; it is capable of providing the same features for Node.JS scripts"," * independently of NGN."," *"," * ### Getting node-mac"," *"," * `npm install -g node-mac`"," *"," * ### Using node-mac"," *"," * `var nm = require('node-mac');`"," *"," * @singleton"," * @author Corey Butler"," */","if (require('os').platform().indexOf('darwin') < 0){","  throw 'ngn-mac is only supported on Mac OSX.';","}","","// Add daemon management capabilities","module.exports.Service = require('./daemon');","//module.exports.EventLogger = require('./eventlog');"],"l":{"18":2,"19":2,"23":0}},"/home/travis/build/npmtest/node-npmtest-node-mac/node_modules/node-mac/lib/daemon.js":{"path":"/home/travis/build/npmtest/node-npmtest-node-mac/node_modules/node-mac/lib/daemon.js","s":{"1":2,"2":0,"3":0,"4":0,"5":0,"6":0,"7":0,"8":0,"9":0,"10":0,"11":0,"12":0,"13":0,"14":0,"15":0,"16":0,"17":0,"18":0,"19":0,"20":0,"21":0,"22":0,"23":0,"24":0,"25":0,"26":0,"27":0,"28":0,"29":0,"30":0,"31":0,"32":0,"33":0,"34":0,"35":0,"36":0,"37":0,"38":0,"39":0,"40":0,"41":0,"42":0,"43":0,"44":0,"45":0,"46":0,"47":0,"48":0,"49":0,"50":0,"51":0,"52":0,"53":0,"54":0,"55":0,"56":0,"57":0,"58":0,"59":0,"60":0,"61":0,"62":0,"63":0,"64":0,"65":0,"66":0,"67":0,"68":0,"69":0,"70":0,"71":0,"72":0,"73":0,"74":0,"75":0,"76":0,"77":0,"78":0,"79":0,"80":0,"81":0,"82":0,"83":0,"84":0,"85":0,"86":0,"87":0,"88":0},"b":{"1":[0,0],"2":[0,0],"3":[0,0],"4":[0,0],"5":[0,0],"6":[0,0],"7":[0,0],"8":[0,0],"9":[0,0],"10":[0,0],"11":[0,0],"12":[0,0,0],"13":[0,0],"14":[0,0],"15":[0,0],"16":[0,0],"17":[0,0],"18":[0,0],"19":[0,0],"20":[0,0],"21":[0,0],"22":[0,0],"23":[0,0],"24":[0,0],"25":[0,0],"26":[0,0],"27":[0,0],"28":[0,0],"29":[0,0],"30":[0,0],"31":[0,0],"32":[0,0],"33":[0,0],"34":[0,0],"35":[0,0],"36":[0,0]},"f":{"1":0,"2":0,"3":0,"4":0,"5":0,"6":0,"7":0,"8":0,"9":0,"10":0,"11":0,"12":0,"13":0,"14":0,"15":0,"16":0,"17":0,"18":0,"19":0,"20":0,"21":0,"22":0,"23":0,"24":0,"25":0,"26":0},"fnMap":{"1":{"name":"(anonymous_1)","line":28,"loc":{"start":{"line":28,"column":13},"end":{"line":28,"column":30}}},"2":{"name":"(anonymous_2)","line":51,"loc":{"start":{"line":51,"column":11},"end":{"line":51,"column":21}}},"3":{"name":"(anonymous_3)","line":52,"loc":{"start":{"line":52,"column":11},"end":{"line":52,"column":26}}},"4":{"name":"(anonymous_4)","line":57,"loc":{"start":{"line":57,"column":10},"end":{"line":57,"column":20}}},"5":{"name":"(anonymous_5)","line":64,"loc":{"start":{"line":64,"column":10},"end":{"line":64,"column":20}}},"6":{"name":"(anonymous_6)","line":71,"loc":{"start":{"line":71,"column":10},"end":{"line":71,"column":20}}},"7":{"name":"(anonymous_7)","line":78,"loc":{"start":{"line":78,"column":10},"end":{"line":78,"column":20}}},"8":{"name":"(anonymous_8)","line":90,"loc":{"start":{"line":90,"column":11},"end":{"line":90,"column":21}}},"9":{"name":"(anonymous_9)","line":102,"loc":{"start":{"line":102,"column":11},"end":{"line":102,"column":21}}},"10":{"name":"(anonymous_10)","line":168,"loc":{"start":{"line":168,"column":10},"end":{"line":168,"column":20}}},"11":{"name":"(anonymous_11)","line":171,"loc":{"start":{"line":171,"column":24},"end":{"line":171,"column":38}}},"12":{"name":"(anonymous_12)","line":285,"loc":{"start":{"line":285,"column":10},"end":{"line":285,"column":28}}},"13":{"name":"(anonymous_13)","line":294,"loc":{"start":{"line":294,"column":26},"end":{"line":294,"column":42}}},"14":{"name":"(anonymous_14)","line":301,"loc":{"start":{"line":301,"column":26},"end":{"line":301,"column":42}}},"15":{"name":"(anonymous_15)","line":308,"loc":{"start":{"line":308,"column":25},"end":{"line":308,"column":41}}},"16":{"name":"(anonymous_16)","line":358,"loc":{"start":{"line":358,"column":33},"end":{"line":358,"column":43}}},"17":{"name":"(anonymous_17)","line":383,"loc":{"start":{"line":383,"column":10},"end":{"line":383,"column":28}}},"18":{"name":"(anonymous_18)","line":386,"loc":{"start":{"line":386,"column":14},"end":{"line":386,"column":24}}},"19":{"name":"(anonymous_19)","line":387,"loc":{"start":{"line":387,"column":28},"end":{"line":387,"column":38}}},"20":{"name":"(anonymous_20)","line":403,"loc":{"start":{"line":403,"column":57},"end":{"line":403,"column":70}}},"21":{"name":"(anonymous_21)","line":435,"loc":{"start":{"line":435,"column":10},"end":{"line":435,"column":28}}},"22":{"name":"(anonymous_22)","line":437,"loc":{"start":{"line":437,"column":41},"end":{"line":437,"column":51}}},"23":{"name":"(anonymous_23)","line":454,"loc":{"start":{"line":454,"column":10},"end":{"line":454,"column":28}}},"24":{"name":"(anonymous_24)","line":456,"loc":{"start":{"line":456,"column":43},"end":{"line":456,"column":53}}},"25":{"name":"(anonymous_25)","line":472,"loc":{"start":{"line":472,"column":11},"end":{"line":472,"column":29}}},"26":{"name":"(anonymous_26)","line":474,"loc":{"start":{"line":474,"column":15},"end":{"line":474,"column":25}}}},"statementMap":{"1":{"start":{"line":22,"column":0},"end":{"line":26,"column":55}},"2":{"start":{"line":28,"column":0},"end":{"line":480,"column":2}},"3":{"start":{"line":30,"column":1},"end":{"line":30,"column":84}},"4":{"start":{"line":32,"column":1},"end":{"line":479,"column":4}},"5":{"start":{"line":51,"column":22},"end":{"line":51,"column":40}},"6":{"start":{"line":52,"column":27},"end":{"line":52,"column":46}},"7":{"start":{"line":58,"column":6},"end":{"line":58,"column":63}},"8":{"start":{"line":65,"column":6},"end":{"line":65,"column":51}},"9":{"start":{"line":72,"column":6},"end":{"line":72,"column":52}},"10":{"start":{"line":79,"column":4},"end":{"line":79,"column":56}},"11":{"start":{"line":91,"column":7},"end":{"line":91,"column":40}},"12":{"start":{"line":103,"column":8},"end":{"line":103,"column":61}},"13":{"start":{"line":169,"column":6},"end":{"line":169,"column":28}},"14":{"start":{"line":170,"column":6},"end":{"line":179,"column":7}},"15":{"start":{"line":171,"column":7},"end":{"line":175,"column":10}},"16":{"start":{"line":172,"column":8},"end":{"line":172,"column":17}},"17":{"start":{"line":173,"column":8},"end":{"line":173,"column":36}},"18":{"start":{"line":174,"column":8},"end":{"line":174,"column":21}},"19":{"start":{"line":177,"column":7},"end":{"line":177,"column":43}},"20":{"start":{"line":178,"column":7},"end":{"line":178,"column":20}},"21":{"start":{"line":180,"column":6},"end":{"line":180,"column":16}},"22":{"start":{"line":287,"column":4},"end":{"line":287,"column":18}},"23":{"start":{"line":289,"column":4},"end":{"line":291,"column":5}},"24":{"start":{"line":290,"column":5},"end":{"line":290,"column":32}},"25":{"start":{"line":294,"column":4},"end":{"line":298,"column":7}},"26":{"start":{"line":295,"column":5},"end":{"line":297,"column":6}},"27":{"start":{"line":296,"column":6},"end":{"line":296,"column":48}},"28":{"start":{"line":301,"column":4},"end":{"line":305,"column":7}},"29":{"start":{"line":302,"column":5},"end":{"line":304,"column":6}},"30":{"start":{"line":303,"column":6},"end":{"line":303,"column":58}},"31":{"start":{"line":308,"column":4},"end":{"line":369,"column":7}},"32":{"start":{"line":309,"column":5},"end":{"line":368,"column":6}},"33":{"start":{"line":312,"column":6},"end":{"line":315,"column":7}},"34":{"start":{"line":313,"column":7},"end":{"line":313,"column":30}},"35":{"start":{"line":314,"column":7},"end":{"line":314,"column":59}},"36":{"start":{"line":317,"column":6},"end":{"line":327,"column":8}},"37":{"start":{"line":328,"column":6},"end":{"line":331,"column":7}},"38":{"start":{"line":329,"column":7},"end":{"line":329,"column":23}},"39":{"start":{"line":330,"column":7},"end":{"line":330,"column":43}},"40":{"start":{"line":333,"column":6},"end":{"line":338,"column":7}},"41":{"start":{"line":334,"column":7},"end":{"line":334,"column":26}},"42":{"start":{"line":335,"column":7},"end":{"line":337,"column":8}},"43":{"start":{"line":336,"column":8},"end":{"line":336,"column":57}},"44":{"start":{"line":340,"column":6},"end":{"line":349,"column":8}},"45":{"start":{"line":351,"column":6},"end":{"line":351,"column":45}},"46":{"start":{"line":353,"column":6},"end":{"line":355,"column":7}},"47":{"start":{"line":354,"column":7},"end":{"line":354,"column":55}},"48":{"start":{"line":358,"column":6},"end":{"line":364,"column":9}},"49":{"start":{"line":361,"column":8},"end":{"line":361,"column":27}},"50":{"start":{"line":362,"column":8},"end":{"line":362,"column":31}},"51":{"start":{"line":367,"column":6},"end":{"line":367,"column":34}},"52":{"start":{"line":385,"column":4},"end":{"line":385,"column":18}},"53":{"start":{"line":386,"column":4},"end":{"line":422,"column":7}},"54":{"start":{"line":387,"column":5},"end":{"line":421,"column":8}},"55":{"start":{"line":388,"column":6},"end":{"line":388,"column":27}},"56":{"start":{"line":389,"column":6},"end":{"line":391,"column":7}},"57":{"start":{"line":390,"column":7},"end":{"line":390,"column":32}},"58":{"start":{"line":392,"column":6},"end":{"line":394,"column":7}},"59":{"start":{"line":393,"column":7},"end":{"line":393,"column":32}},"60":{"start":{"line":396,"column":6},"end":{"line":411,"column":7}},"61":{"start":{"line":397,"column":7},"end":{"line":410,"column":8}},"62":{"start":{"line":398,"column":8},"end":{"line":398,"column":45}},"63":{"start":{"line":399,"column":8},"end":{"line":409,"column":9}},"64":{"start":{"line":400,"column":9},"end":{"line":408,"column":10}},"65":{"start":{"line":401,"column":10},"end":{"line":401,"column":36}},"66":{"start":{"line":403,"column":10},"end":{"line":407,"column":13}},"67":{"start":{"line":404,"column":11},"end":{"line":406,"column":12}},"68":{"start":{"line":405,"column":12},"end":{"line":405,"column":29}},"69":{"start":{"line":412,"column":6},"end":{"line":418,"column":7}},"70":{"start":{"line":417,"column":7},"end":{"line":417,"column":31}},"71":{"start":{"line":419,"column":6},"end":{"line":419,"column":27}},"72":{"start":{"line":420,"column":6},"end":{"line":420,"column":29}},"73":{"start":{"line":436,"column":4},"end":{"line":436,"column":18}},"74":{"start":{"line":437,"column":4},"end":{"line":441,"column":7}},"75":{"start":{"line":438,"column":5},"end":{"line":438,"column":92}},"76":{"start":{"line":439,"column":5},"end":{"line":439,"column":22}},"77":{"start":{"line":440,"column":5},"end":{"line":440,"column":28}},"78":{"start":{"line":455,"column":4},"end":{"line":455,"column":18}},"79":{"start":{"line":456,"column":4},"end":{"line":460,"column":7}},"80":{"start":{"line":457,"column":5},"end":{"line":457,"column":92}},"81":{"start":{"line":458,"column":5},"end":{"line":458,"column":21}},"82":{"start":{"line":459,"column":5},"end":{"line":459,"column":28}},"83":{"start":{"line":473,"column":5},"end":{"line":473,"column":19}},"84":{"start":{"line":474,"column":5},"end":{"line":476,"column":8}},"85":{"start":{"line":475,"column":6},"end":{"line":475,"column":25}},"86":{"start":{"line":482,"column":0},"end":{"line":483,"column":48}},"87":{"start":{"line":486,"column":0},"end":{"line":486,"column":35}},"88":{"start":{"line":488,"column":0},"end":{"line":488,"column":24}}},"branchMap":{"1":{"line":30,"type":"cond-expr","locations":[{"start":{"line":30,"column":59},"end":{"line":30,"column":76}},{"start":{"line":30,"column":78},"end":{"line":30,"column":83}}]},"2":{"line":42,"type":"binary-expr","locations":[{"start":{"line":42,"column":13},"end":{"line":42,"column":24}},{"start":{"line":42,"column":28},"end":{"line":42,"column":32}}]},"3":{"line":115,"type":"binary-expr","locations":[{"start":{"line":115,"column":13},"end":{"line":115,"column":31}},{"start":{"line":115,"column":35},"end":{"line":115,"column":37}}]},"4":{"line":126,"type":"binary-expr","locations":[{"start":{"line":126,"column":13},"end":{"line":126,"column":23}},{"start":{"line":126,"column":27},"end":{"line":126,"column":131}}]},"5":{"line":126,"type":"cond-expr","locations":[{"start":{"line":126,"column":102},"end":{"line":126,"column":104}},{"start":{"line":126,"column":107},"end":{"line":126,"column":129}}]},"6":{"line":126,"type":"binary-expr","locations":[{"start":{"line":126,"column":42},"end":{"line":126,"column":67}},{"start":{"line":126,"column":75},"end":{"line":126,"column":95}}]},"7":{"line":163,"type":"binary-expr","locations":[{"start":{"line":163,"column":11},"end":{"line":163,"column":21}},{"start":{"line":163,"column":25},"end":{"line":163,"column":27}}]},"8":{"line":170,"type":"if","locations":[{"start":{"line":170,"column":6},"end":{"line":170,"column":6}},{"start":{"line":170,"column":6},"end":{"line":170,"column":6}}]},"9":{"line":193,"type":"cond-expr","locations":[{"start":{"line":193,"column":43},"end":{"line":193,"column":81}},{"start":{"line":193,"column":84},"end":{"line":193,"column":88}}]},"10":{"line":200,"type":"cond-expr","locations":[{"start":{"line":200,"column":30},"end":{"line":200,"column":53}},{"start":{"line":200,"column":56},"end":{"line":200,"column":80}}]},"11":{"line":211,"type":"binary-expr","locations":[{"start":{"line":211,"column":10},"end":{"line":211,"column":24}},{"start":{"line":211,"column":28},"end":{"line":211,"column":89}}]},"12":{"line":211,"type":"binary-expr","locations":[{"start":{"line":211,"column":46},"end":{"line":211,"column":55}},{"start":{"line":211,"column":59},"end":{"line":211,"column":70}},{"start":{"line":211,"column":74},"end":{"line":211,"column":88}}]},"13":{"line":223,"type":"binary-expr","locations":[{"start":{"line":223,"column":13},"end":{"line":223,"column":30}},{"start":{"line":223,"column":34},"end":{"line":223,"column":38}}]},"14":{"line":235,"type":"binary-expr","locations":[{"start":{"line":235,"column":13},"end":{"line":235,"column":31}},{"start":{"line":235,"column":35},"end":{"line":235,"column":36}}]},"15":{"line":248,"type":"cond-expr","locations":[{"start":{"line":248,"column":54},"end":{"line":248,"column":73}},{"start":{"line":248,"column":76},"end":{"line":248,"column":81}}]},"16":{"line":259,"type":"binary-expr","locations":[{"start":{"line":259,"column":13},"end":{"line":259,"column":24}},{"start":{"line":259,"column":28},"end":{"line":259,"column":29}}]},"17":{"line":273,"type":"binary-expr","locations":[{"start":{"line":273,"column":13},"end":{"line":273,"column":24}},{"start":{"line":273,"column":28},"end":{"line":273,"column":31}}]},"18":{"line":289,"type":"if","locations":[{"start":{"line":289,"column":4},"end":{"line":289,"column":4}},{"start":{"line":289,"column":4},"end":{"line":289,"column":4}}]},"19":{"line":295,"type":"if","locations":[{"start":{"line":295,"column":5},"end":{"line":295,"column":5}},{"start":{"line":295,"column":5},"end":{"line":295,"column":5}}]},"20":{"line":302,"type":"if","locations":[{"start":{"line":302,"column":5},"end":{"line":302,"column":5}},{"start":{"line":302,"column":5},"end":{"line":302,"column":5}}]},"21":{"line":309,"type":"if","locations":[{"start":{"line":309,"column":5},"end":{"line":309,"column":5}},{"start":{"line":309,"column":5},"end":{"line":309,"column":5}}]},"22":{"line":312,"type":"if","locations":[{"start":{"line":312,"column":6},"end":{"line":312,"column":6}},{"start":{"line":312,"column":6},"end":{"line":312,"column":6}}]},"23":{"line":326,"type":"cond-expr","locations":[{"start":{"line":326,"column":35},"end":{"line":326,"column":38}},{"start":{"line":326,"column":39},"end":{"line":326,"column":42}}]},"24":{"line":328,"type":"if","locations":[{"start":{"line":328,"column":6},"end":{"line":328,"column":6}},{"start":{"line":328,"column":6},"end":{"line":328,"column":6}}]},"25":{"line":353,"type":"if","locations":[{"start":{"line":353,"column":6},"end":{"line":353,"column":6}},{"start":{"line":353,"column":6},"end":{"line":353,"column":6}}]},"26":{"line":362,"type":"binary-expr","locations":[{"start":{"line":362,"column":8},"end":{"line":362,"column":16}},{"start":{"line":362,"column":20},"end":{"line":362,"column":30}}]},"27":{"line":389,"type":"if","locations":[{"start":{"line":389,"column":6},"end":{"line":389,"column":6}},{"start":{"line":389,"column":6},"end":{"line":389,"column":6}}]},"28":{"line":392,"type":"if","locations":[{"start":{"line":392,"column":6},"end":{"line":392,"column":6}},{"start":{"line":392,"column":6},"end":{"line":392,"column":6}}]},"29":{"line":396,"type":"if","locations":[{"start":{"line":396,"column":6},"end":{"line":396,"column":6}},{"start":{"line":396,"column":6},"end":{"line":396,"column":6}}]},"30":{"line":397,"type":"if","locations":[{"start":{"line":397,"column":7},"end":{"line":397,"column":7}},{"start":{"line":397,"column":7},"end":{"line":397,"column":7}}]},"31":{"line":399,"type":"if","locations":[{"start":{"line":399,"column":8},"end":{"line":399,"column":8}},{"start":{"line":399,"column":8},"end":{"line":399,"column":8}}]},"32":{"line":404,"type":"if","locations":[{"start":{"line":404,"column":11},"end":{"line":404,"column":11}},{"start":{"line":404,"column":11},"end":{"line":404,"column":11}}]},"33":{"line":412,"type":"if","locations":[{"start":{"line":412,"column":6},"end":{"line":412,"column":6}},{"start":{"line":412,"column":6},"end":{"line":412,"column":6}}]},"34":{"line":420,"type":"binary-expr","locations":[{"start":{"line":420,"column":6},"end":{"line":420,"column":14}},{"start":{"line":420,"column":18},"end":{"line":420,"column":28}}]},"35":{"line":440,"type":"binary-expr","locations":[{"start":{"line":440,"column":5},"end":{"line":440,"column":13}},{"start":{"line":440,"column":17},"end":{"line":440,"column":27}}]},"36":{"line":459,"type":"binary-expr","locations":[{"start":{"line":459,"column":5},"end":{"line":459,"column":13}},{"start":{"line":459,"column":17},"end":{"line":459,"column":27}}]}},"code":["/**"," * @class nodemac.Daemon"," * Manage node.js scripts as native Mac daemons."," *     var Service = require('node-mac').Service;"," *"," *     // Create a new service object"," *     var svc = new Service({"," *       name:'Hello World',"," *       description: 'The nodejs.org example web server.',"," *       script: '/path/to/helloworld.js')"," *     });"," *"," *     // Listen for the \"install\" event, which indicates the"," *     // process is available as a service."," *     svc.on('install',function(){"," *       svc.start();"," *     });"," *"," *     svc.install();"," * @author Corey Butler"," */","var plist = require('plist'),","\tfs = require('fs'),","\tp = require('path'),","\texec = require('child_process').exec,","\twrapper = p.resolve(p.join(__dirname,'./wrapper.js'));","","var daemon = function(config) {","","\tconfig.runAsAgent = config.hasOwnProperty('runAsAgent') ? config.runAsAgent: false;","","\tObject.defineProperties(this,{","","    /**","     * @cfg {String} name","     * The descriptive name of the process, i.e. `My Process`.","     */","    _name: {","      enumerable: false,","      writable: true,","      configurable: false,","      value: config.name || null","    },","","\t\t/**","\t\t * @property {String} name","\t\t * The name of the process.","\t\t */","    name: {","      enumerable: true,","      get: function(){return this._name;},","      set: function(value){this._name = value;}","    },","","    label: {","    \tenumerable: false,","    \tget: function(){","    \t\treturn this.name.replace(/[^a-zA-Z]+/gi,'').toLowerCase()","    \t}","    },","","    plist: {","    \tenumerable: false,","    \tget: function(){","    \t\treturn p.join(this.root,this.label+'.plist');","    \t}","    },","","    outlog: {","    \tenumerable: false,","    \tget: function(){","    \t\treturn p.join(this.logpath,this.label+'.log');","    \t}","    },","","    errlog: {","    \tenumerable: false,","    \tget: function(){","\t\t\t\treturn p.join(this.logpath,this.label+'_error.log');","    \t}","    },","","    /**","     * @property {Boolean} exists","     * Indicates that the service exists.","     * @readonly","     */","    exists: {","     \tenumerable: true,","     \tget: function(){","     \t\treturn fs.existsSync(this.plist);","     \t}","    },","","    /**","     * @property {String} id","     * The ID for the process.","     * @readonly","     */","    id: {","      enumerable: true,","      get: function(){","        return this.name.replace(/[^\\w]/gi,'').toLowerCase();","      }","    },","","    /**","     * @cfg {String} [description='']","     * Description of the service.","     */","    description: {","      enumerable: true,","      writable: false,","      configurable: false,","      value: config.description || ''","    },","","    /**","     * @cfg {String} [cwd]","     * The absolute path of the current working directory. Defaults to the base directory of #script.","     */","    cwd: {","      enumerable: false,","      writable: true,","      configurable: false,","      value: config.cwd || p.dirname( ( ( this.script === undefined ) || ( this.script === null ) ) ? '' : this.script.toString() )","    },","","    /**","\t   * @cfg {Array|Object} [env]","\t   * An optional array or object used to pass environment variables to the node.js script.","\t   * You can do this by setting environment variables in the service config, as shown below:","\t   *","\t   *     var svc = new Service({","\t   *      name:'Hello World',","\t   *      description: 'The nodejs.org example web server.',","\t   *      script: '/path/to/helloworld.js',","\t   *      env: {","\t   *        name: \"NODE_ENV\",","\t   *        value: \"production\"","\t   *      }","\t   *     });","\t   *","\t   * You can also supply an array to set multiple environment variables:","\t   *","\t   *     var svc = new Service({","\t   *      name:'Hello World',","\t   *      description: 'The nodejs.org example web server.',","\t   *      script: '/path/to/helloworld.js',","\t   *      env: [{","\t   *        name: \"HOME\",","\t   *        value: process.env[\"USERPROFILE\"] // Access the user home directory","\t   *      },{","\t   *        name: \"NODE_ENV\",","\t   *        value: \"production\"","\t   *      }]","\t   *     });","\t   */","\t  _ev: {","\t  \tenumerable: false,","\t  \twritable: true,","\t  \tconfigurable: false,","\t  \tvalue: config.env || []","\t  },","","    EnvironmentVariables: {","    \tenumerable: false,","    \tget: function(){","    \t\tvar ev = [], tmp = {};","    \t\tif (Object.prototype.toString.call(this._ev) === '[object Array]'){","    \t\t\tthis._ev.forEach(function(item){","    \t\t\t\ttmp = {};","    \t\t\t\ttmp[item.name] = item.value;","    \t\t\t\tev.push(tmp);","    \t\t\t});","    \t\t} else {","    \t\t\ttmp[this._ev.name] = this._ev.value;","    \t\t\tev.push(tmp);","    \t\t}","    \t\treturn ev;","    \t}","    },","","    /**","     * @cfg {String} script","     * The absolute path of the script to launch as a service.","     * @required","     */","    script: {","      enumerable: true,","      writable: true,","      configurable: false,","      value: config.script !== undefined ? require('path').resolve(config.script) : null","    },","","\t\troot: {","\t\t\tenumerable: false,","\t\t\twritable: true,","\t\t\tconfigurable: false,","\t\t\tvalue: config.runAsAgent ? '/Library/LaunchAgents' : '/Library/LaunchDaemons'","\t\t},","","\t\t/**","\t\t * @cfg {String} [logpath=/Library/Logs/node-scripts]","\t\t * The root directory where the log will be stored.","\t\t */","\t\tlogpath: {","\t\t\tenumerable: true,","\t\t\twritable: true,","\t\t\tconfigurable: false,","\t\t\tvalue: config.logpath || '/Library/Logs/'+(this.name || config.name || 'node-scripts')","\t\t},","","\t\t/**","     * @cfg {Number} [maxRetries=null]","     * The maximum number of restart attempts to make before the service is considered non-responsive/faulty.","     * Ignored by default.","     */","    maxRetries: {","      enumerable: true,","      writable: false,","      configurable: false,","      value: config.maxRetries || null","    },","","    /**","     * @cfg {Number} [maxRestarts=3]","     * The maximum number of restarts within a 60 second period before haulting the process.","     * This cannot be _disabled_, but it can be rendered ineffective by setting a value of `0`.","     */","    maxRestarts: {","      enumerable: true,","      writable: false,","      configurable: false,","      value: config.maxRestarts || 3","    },","","    /**","     * @cfg {Boolean} [abortOnError=false]","     * Setting this to `true` will force the process to exit if it encounters an error that stops the node.js script from running.","     * This does not mean the process will stop if the script throws an error. It will only abort if the","     * script throws an error causing the process to exit (i.e. `process.exit(1)`).","     */","    abortOnError: {","      enumerable: true,","      writable: false,","      configurable: false,","      value: config.abortOnError instanceof Boolean ? config.abortOnError : false","    },","","    /**","     * @cfg {Number} [wait=1]","     * The initial number of seconds to wait before attempting a restart (after the script stops).","     */","    wait: {","      enumerable: true,","      writable: false,","      configurable: false,","      value: config.wait || 1","    },","","    /**","     * @cfg {Number} [grow=.25]","     * A number between 0-1 representing the percentage growth rate for the #wait interval.","     * Setting this to anything other than `0` allows the process to increase it's wait period","     * on every restart attempt. If a process dies fatally, this will prevent the server from","     * restarting the process too rapidly (and too strenuously).","     */","    grow: {","      enumerable: true,","      writable: false,","      configurable: false,","      value: config.grow || .25","    },","","\t\t/**","\t\t * @method install","\t\t * Install the script as a background process/daemon.","\t\t * @param {Function} [callback]","\t\t */","\t\tinstall: {","\t\t\tenumerable: true,","\t\t\twritable: true,","\t\t\tconfigurable: false,","\t\t\tvalue: function(callback){","","\t\t\t\tvar me = this;","","\t\t\t\tif (!fs.existsSync(this.logpath)){","\t\t\t\t\tfs.mkdirSync(this.logpath);","\t\t\t\t}","","\t\t\t\t// Create the log file if it doesn't exist.","\t\t\t\tfs.exists(this.outlog,function(exists){","\t\t\t\t\tif (!exists){","\t\t\t\t\t\tfs.appendFileSync(me.outlog,'# '+me.name);","\t\t\t\t\t}","\t\t\t\t});","","\t\t\t\t// Create the error file if it doesn't exist.","\t\t\t\tfs.exists(this.errlog,function(exists){","\t\t\t\t\tif (!exists){","\t\t\t\t\t\tfs.appendFileSync(me.errlog,'# '+me.name+' Errors');","\t\t\t\t\t}","\t\t\t\t});","","\t\t\t\t// Create the plist file if it doesn't exist.","\t\t\t\tfs.exists(this.plist,function(exists){","\t\t\t\t\tif (!exists){","","\t\t\t\t\t\t// Make sure a node.js file is specified.","\t\t\t\t\t\tif (!me.script){","\t\t\t\t\t\t\tconsole.log(me.script);","\t\t\t\t\t\t\tthrow new Error('No file specified. Cannot start.');","\t\t\t\t\t\t}","\t\t\t\t\t\t// Build the plist file","\t\t\t\t\t\tvar args = [","\t\t\t\t\t\t\tprocess.execPath,'--harmony',wrapper,","\t\t\t\t\t\t\t'-f',me.script,","\t\t\t\t\t\t\t'-l',me.outlog,","\t\t\t\t\t\t\t'-e',me.errlog,","\t\t\t\t\t\t\t'-t',me.name,","\t\t\t\t\t\t\t'-g',me.grow.toString(),","\t\t\t\t\t\t\t'-w',me.wait.toString(),","\t\t\t\t\t\t\t'-r',me.maxRestarts.toString(),","\t\t\t\t\t\t\t'-a',(me.abortOnError==true?'y':'n')","\t\t\t\t\t\t];","\t\t\t\t\t\tif (me.maxRetries!==null){","\t\t\t\t\t\t\targs.push('-m');","\t\t\t\t\t\t\targs.push(me.maxRetries.toString());","\t\t\t\t\t\t}","\t\t\t\t\t\t// Add environment variables","\t\t\t\t\t\tfor (var i=0;i<me.EnvironmentVariables.length;i++){","\t\t\t\t\t\t\targs.push('--env');","\t\t\t\t\t\t\tfor (var el in me.EnvironmentVariables[i]){","\t\t\t\t\t\t\t\targs.push(el+'='+me.EnvironmentVariables[i][el]);","\t\t\t\t\t\t\t}","\t\t\t\t\t\t}","","\t\t\t\t\t\tvar tpl = {","\t\t\t\t\t\t\tLabel: me.label,","\t\t\t\t\t\t\tProgramArguments: args,","\t\t\t\t\t\t\tRunAtLoad: true,","\t\t\t\t\t\t\t//StartInterval: 3600,","\t\t\t\t\t\t\tKeepAlive: false,","\t\t\t\t\t\t\tWorkingDirectory: me.cwd,","\t\t\t\t\t\t\tStandardOutPath: me.outlog,","\t\t\t\t\t\t\tStandardErrorPath: me.errlog","\t\t\t\t\t\t};","","\t\t\t\t\t\tvar data = plist.build(tpl).toString();","","\t\t\t\t\t\tif (!fs.existsSync(require('path').dirname(me.plist))){","\t\t\t\t\t\t\tfs.mkdirSync(require('path').dirname(me.plist));","\t\t\t\t\t\t}","","\t\t\t\t\t\t// Write the plist file to disk.","\t\t\t\t\t\tfs.writeFile(me.plist,data,function(){","\t\t\t\t\t\t\t// Load the deamon","\t\t\t\t\t\t\t//exec('launchctl load '+me.plist,{},function(){","\t\t\t\t\t\t\t\tme.emit('install');","\t\t\t\t\t\t\t\tcallback && callback();","\t\t\t\t\t\t\t//});","\t\t\t\t\t\t});","","\t\t\t\t\t} else {","\t\t\t\t\t\tme.emit('alreadyinstalled');","\t\t\t\t\t}","\t\t\t\t});","\t\t\t}","\t\t},","","\t\t/**","\t\t * @method uninstall","\t\t * Uninstall an existing background process/daemon.","\t\t * @param {Function} [callback]","\t\t * Executed when the process is uninstalled.","\t\t */","\t\tuninstall: {","\t\t\tenumerable: true,","\t\t\twritable: true,","\t\t\tconfigurable: false,","\t\t\tvalue: function(callback){","","\t\t\t\tvar me = this;","\t\t\t\tthis.stop(function(){","\t\t\t\t\texec('rm '+me.plist,{},function(){","\t\t\t\t\t\tvar dne = !me.exists;","\t\t\t\t\t\tif (fs.existsSync(me.outlog)){","\t\t\t\t\t\t\tfs.unlinkSync(me.outlog);","\t\t\t\t\t\t}","\t\t\t\t\t\tif (fs.existsSync(me.errlog)){","\t\t\t\t\t\t\tfs.unlinkSync(me.errlog);","\t\t\t\t\t\t}","","\t\t\t\t\t\tif (fs.existsSync(me.logpath)){","\t\t\t\t\t\t\tif (me.logpath !== '/Library/Logs'){","\t\t\t\t\t\t\t\tvar dir = fs.readdirSync(me.logpath);","\t\t\t\t\t\t\t\tif (dir.length == 0){","\t\t\t\t\t\t\t\t\ttry {","\t\t\t\t\t\t\t\t\t\tfs.unlinkSync(me.logpath);","\t\t\t\t\t\t\t\t\t} catch (e) {","\t\t\t\t\t\t\t\t\t\texec('rm -r '+me.logpath.replace(/\\s/gi,'\\\\ '),function(err){","\t\t\t\t\t\t\t\t\t\t\tif (err){","\t\t\t\t\t\t\t\t\t\t\t\tconsole.log(err);","\t\t\t\t\t\t\t\t\t\t\t}","\t\t\t\t\t\t\t\t\t\t});","\t\t\t\t\t\t\t\t\t}","\t\t\t\t\t\t\t\t}","\t\t\t\t\t\t\t}","\t\t\t\t\t\t}","\t\t\t\t\t\tif (dne) {","\t\t\t\t\t\t\t/**","\t\t\t\t\t\t\t * @event doesnotexist","\t\t\t\t\t\t\t * Fired when an attempt to uninstall the service fails because it does not exist.","\t\t\t\t\t\t\t */","\t\t\t\t\t\t\tme.emit('doesnotexist');","\t\t\t\t\t\t}","\t\t\t\t\t\tme.emit('uninstall');","\t\t\t\t\t\tcallback && callback();","\t\t\t\t\t});","\t\t\t\t});","\t\t\t}","\t\t},","","\t\t/**","\t\t * @method start","\t\t * Start and/or create a daemon.","\t\t * @param {Function} [callback]","\t\t */","\t\tstart:{","\t\t\tenumerable: true,","\t\t\twritable: false,","\t\t\tconfigurable: false,","\t\t\tvalue: function(callback){","\t\t\t\tvar me = this;","\t\t\t\texec('launchctl load '+this.plist,{},function(){","\t\t\t\t\tfs.appendFileSync(me.outlog,'\\n'+new Date().toLocaleString()+' - '+me.name+' Started');","\t\t\t\t\tme.emit('start');","\t\t\t\t\tcallback && callback();","\t\t\t\t});","\t\t\t}","\t\t},","","\t\t/**","\t\t * @method stop","\t\t * Stop the process if it is currently running.","\t \t * @param {Function} [callback]","\t\t */","\t\tstop: {","\t\t\tenumerable: true,","\t\t\twritable: false,","\t\t\tconfigurable: false,","\t\t\tvalue: function(callback){","\t\t\t\tvar me = this;","\t\t\t\texec('launchctl unload '+this.plist,{},function(){","\t\t\t\t\tfs.appendFileSync(me.outlog,'\\n'+new Date().toLocaleString()+' - '+me.name+' Stopped');","\t\t\t\t\tme.emit('stop');","\t\t\t\t\tcallback && callback();","\t\t\t\t});","\t\t\t}","\t\t},","","\t\t/**","\t \t * @method restart","\t \t * @param {Function} [callback]","\t \t */","\t \trestart: {","\t\t \tenumerable: true,","\t\t \twritable: true,","\t\t \tconfigurable: false,","\t\t \tvalue: function(callback){","\t\t \t\tvar me = this;","\t\t \t\tthis.stop(function(){","\t\t \t\t\tme.start(callback);","\t\t \t\t});","\t\t \t}","\t \t}","\t});","};","","var util = require('util'),","  EventEmitter = require('events').EventEmitter;","","// Inherit Events","util.inherits(daemon,EventEmitter);","","module.exports = daemon;",""],"l":{"22":2,"28":0,"30":0,"32":0,"51":0,"52":0,"58":0,"65":0,"72":0,"79":0,"91":0,"103":0,"169":0,"170":0,"171":0,"172":0,"173":0,"174":0,"177":0,"178":0,"180":0,"287":0,"289":0,"290":0,"294":0,"295":0,"296":0,"301":0,"302":0,"303":0,"308":0,"309":0,"312":0,"313":0,"314":0,"317":0,"328":0,"329":0,"330":0,"333":0,"334":0,"335":0,"336":0,"340":0,"351":0,"353":0,"354":0,"358":0,"361":0,"362":0,"367":0,"385":0,"386":0,"387":0,"388":0,"389":0,"390":0,"392":0,"393":0,"396":0,"397":0,"398":0,"399":0,"400":0,"401":0,"403":0,"404":0,"405":0,"412":0,"417":0,"419":0,"420":0,"436":0,"437":0,"438":0,"439":0,"440":0,"455":0,"456":0,"457":0,"458":0,"459":0,"473":0,"474":0,"475":0,"482":0,"486":0,"488":0}},"/home/travis/build/npmtest/node-npmtest-node-mac/node_modules/node-mac/lib/wrapper.js":{"path":"/home/travis/build/npmtest/node-npmtest-node-mac/node_modules/node-mac/lib/wrapper.js","s":{"1":2,"2":0,"3":0,"4":0,"5":0,"6":0,"7":0,"8":0,"9":0,"10":0,"11":0,"12":0,"13":0,"14":0,"15":0,"16":0,"17":0,"18":0,"19":0,"20":0,"21":0,"22":0,"23":0,"24":0,"25":0,"26":0,"27":0,"28":0,"29":0,"30":0,"31":0,"32":0,"33":0,"34":0,"35":0,"36":0,"37":0,"38":0,"39":0,"40":0,"41":0,"42":0,"43":0,"44":0,"45":0,"46":0,"47":0,"48":0,"49":0,"50":0,"51":0,"52":0,"53":0,"54":0,"55":0,"56":0,"57":0,"58":0,"59":0},"b":{"1":[0,0],"2":[0,0],"3":[0,0],"4":[0,0],"5":[0,0],"6":[0,0],"7":[0,0],"8":[0,0],"9":[0,0],"10":[0,0],"11":[0,0],"12":[0,0],"13":[0,0],"14":[0,0],"15":[0,0]},"f":{"1":0,"2":0,"3":0,"4":0,"5":0,"6":0,"7":0,"8":0,"9":0,"10":0,"11":0,"12":0,"13":0,"14":0},"fnMap":{"1":{"name":"(anonymous_1)","line":10,"loc":{"start":{"line":10,"column":13},"end":{"line":10,"column":27}}},"2":{"name":"(anonymous_2)","line":11,"loc":{"start":{"line":11,"column":51},"end":{"line":11,"column":67}}},"3":{"name":"(anonymous_3)","line":33,"loc":{"start":{"line":33,"column":13},"end":{"line":33,"column":27}}},"4":{"name":"(anonymous_4)","line":39,"loc":{"start":{"line":39,"column":13},"end":{"line":39,"column":27}}},"5":{"name":"(anonymous_5)","line":45,"loc":{"start":{"line":45,"column":13},"end":{"line":45,"column":27}}},"6":{"name":"(anonymous_6)","line":62,"loc":{"start":{"line":62,"column":14},"end":{"line":62,"column":30}}},"7":{"name":"(anonymous_7)","line":66,"loc":{"start":{"line":66,"column":16},"end":{"line":66,"column":32}}},"8":{"name":"(anonymous_8)","line":70,"loc":{"start":{"line":70,"column":15},"end":{"line":70,"column":31}}},"9":{"name":"(anonymous_9)","line":100,"loc":{"start":{"line":100,"column":14},"end":{"line":100,"column":24}}},"10":{"name":"(anonymous_10)","line":111,"loc":{"start":{"line":111,"column":15},"end":{"line":111,"column":25}}},"11":{"name":"(anonymous_11)","line":132,"loc":{"start":{"line":132,"column":13},"end":{"line":132,"column":23}}},"12":{"name":"(anonymous_12)","line":138,"loc":{"start":{"line":138,"column":15},"end":{"line":138,"column":25}}},"13":{"name":"(anonymous_13)","line":149,"loc":{"start":{"line":149,"column":18},"end":{"line":149,"column":32}}},"14":{"name":"(anonymous_14)","line":166,"loc":{"start":{"line":166,"column":18},"end":{"line":166,"column":28}}}},"statementMap":{"1":{"start":{"line":2,"column":0},"end":{"line":57,"column":17}},"2":{"start":{"line":11,"column":8},"end":{"line":13,"column":11}},"3":{"start":{"line":12,"column":10},"end":{"line":12,"column":24}},"4":{"start":{"line":34,"column":8},"end":{"line":34,"column":27}},"5":{"start":{"line":40,"column":8},"end":{"line":40,"column":44}},"6":{"start":{"line":46,"column":8},"end":{"line":46,"column":78}},"7":{"start":{"line":59,"column":0},"end":{"line":59,"column":43}},"8":{"start":{"line":62,"column":0},"end":{"line":64,"column":2}},"9":{"start":{"line":63,"column":2},"end":{"line":63,"column":74}},"10":{"start":{"line":66,"column":0},"end":{"line":68,"column":2}},"11":{"start":{"line":67,"column":2},"end":{"line":67,"column":79}},"12":{"start":{"line":70,"column":0},"end":{"line":72,"column":2}},"13":{"start":{"line":71,"column":2},"end":{"line":71,"column":83}},"14":{"start":{"line":74,"column":0},"end":{"line":74,"column":16}},"15":{"start":{"line":76,"column":0},"end":{"line":84,"column":1}},"16":{"start":{"line":77,"column":2},"end":{"line":83,"column":3}},"17":{"start":{"line":78,"column":4},"end":{"line":80,"column":5}},"18":{"start":{"line":79,"column":6},"end":{"line":79,"column":73}},"19":{"start":{"line":82,"column":4},"end":{"line":82,"column":65}},"20":{"start":{"line":86,"column":0},"end":{"line":88,"column":1}},"21":{"start":{"line":87,"column":2},"end":{"line":87,"column":28}},"22":{"start":{"line":91,"column":0},"end":{"line":91,"column":27}},"23":{"start":{"line":94,"column":0},"end":{"line":94,"column":66}},"24":{"start":{"line":100,"column":0},"end":{"line":125,"column":2}},"25":{"start":{"line":101,"column":2},"end":{"line":124,"column":3}},"26":{"start":{"line":104,"column":4},"end":{"line":109,"column":5}},"27":{"start":{"line":105,"column":6},"end":{"line":108,"column":7}},"28":{"start":{"line":106,"column":8},"end":{"line":106,"column":101}},"29":{"start":{"line":107,"column":8},"end":{"line":107,"column":23}},"30":{"start":{"line":111,"column":4},"end":{"line":120,"column":12}},"31":{"start":{"line":112,"column":6},"end":{"line":112,"column":25}},"32":{"start":{"line":113,"column":6},"end":{"line":113,"column":20}},"33":{"start":{"line":114,"column":6},"end":{"line":119,"column":7}},"34":{"start":{"line":115,"column":8},"end":{"line":115,"column":141}},"35":{"start":{"line":116,"column":8},"end":{"line":116,"column":23}},"36":{"start":{"line":118,"column":8},"end":{"line":118,"column":17}},"37":{"start":{"line":122,"column":4},"end":{"line":122,"column":17}},"38":{"start":{"line":123,"column":4},"end":{"line":123,"column":25}},"39":{"start":{"line":132,"column":0},"end":{"line":164,"column":2}},"40":{"start":{"line":136,"column":2},"end":{"line":142,"column":3}},"41":{"start":{"line":137,"column":4},"end":{"line":137,"column":40}},"42":{"start":{"line":138,"column":4},"end":{"line":141,"column":20}},"43":{"start":{"line":139,"column":6},"end":{"line":139,"column":23}},"44":{"start":{"line":140,"column":6},"end":{"line":140,"column":17}},"45":{"start":{"line":143,"column":2},"end":{"line":143,"column":14}},"46":{"start":{"line":146,"column":2},"end":{"line":146,"column":41}},"47":{"start":{"line":149,"column":2},"end":{"line":163,"column":5}},"48":{"start":{"line":150,"column":4},"end":{"line":150,"column":45}},"49":{"start":{"line":153,"column":4},"end":{"line":157,"column":5}},"50":{"start":{"line":154,"column":6},"end":{"line":154,"column":60}},"51":{"start":{"line":155,"column":6},"end":{"line":155,"column":21}},"52":{"start":{"line":156,"column":6},"end":{"line":156,"column":21}},"53":{"start":{"line":159,"column":4},"end":{"line":159,"column":21}},"54":{"start":{"line":162,"column":4},"end":{"line":162,"column":14}},"55":{"start":{"line":166,"column":0},"end":{"line":171,"column":3}},"56":{"start":{"line":167,"column":2},"end":{"line":169,"column":3}},"57":{"start":{"line":168,"column":4},"end":{"line":168,"column":27}},"58":{"start":{"line":170,"column":2},"end":{"line":170,"column":17}},"59":{"start":{"line":174,"column":0},"end":{"line":174,"column":9}}},"branchMap":{"1":{"line":40,"type":"binary-expr","locations":[{"start":{"line":40,"column":16},"end":{"line":40,"column":27}},{"start":{"line":40,"column":31},"end":{"line":40,"column":42}}]},"2":{"line":59,"type":"binary-expr","locations":[{"start":{"line":59,"column":16},"end":{"line":59,"column":22}},{"start":{"line":59,"column":26},"end":{"line":59,"column":42}}]},"3":{"line":76,"type":"if","locations":[{"start":{"line":76,"column":0},"end":{"line":76,"column":0}},{"start":{"line":76,"column":0},"end":{"line":76,"column":0}}]},"4":{"line":77,"type":"if","locations":[{"start":{"line":77,"column":2},"end":{"line":77,"column":2}},{"start":{"line":77,"column":2},"end":{"line":77,"column":2}}]},"5":{"line":86,"type":"if","locations":[{"start":{"line":86,"column":0},"end":{"line":86,"column":0}},{"start":{"line":86,"column":0},"end":{"line":86,"column":0}}]},"6":{"line":101,"type":"if","locations":[{"start":{"line":101,"column":2},"end":{"line":101,"column":2}},{"start":{"line":101,"column":2},"end":{"line":101,"column":2}}]},"7":{"line":104,"type":"if","locations":[{"start":{"line":104,"column":4},"end":{"line":104,"column":4}},{"start":{"line":104,"column":4},"end":{"line":104,"column":4}}]},"8":{"line":105,"type":"if","locations":[{"start":{"line":105,"column":6},"end":{"line":105,"column":6}},{"start":{"line":105,"column":6},"end":{"line":105,"column":6}}]},"9":{"line":114,"type":"if","locations":[{"start":{"line":114,"column":6},"end":{"line":114,"column":6}},{"start":{"line":114,"column":6},"end":{"line":114,"column":6}}]},"10":{"line":114,"type":"binary-expr","locations":[{"start":{"line":114,"column":10},"end":{"line":114,"column":27}},{"start":{"line":114,"column":31},"end":{"line":114,"column":42}}]},"11":{"line":136,"type":"if","locations":[{"start":{"line":136,"column":2},"end":{"line":136,"column":2}},{"start":{"line":136,"column":2},"end":{"line":136,"column":2}}]},"12":{"line":137,"type":"binary-expr","locations":[{"start":{"line":137,"column":16},"end":{"line":137,"column":25}},{"start":{"line":137,"column":29},"end":{"line":137,"column":39}}]},"13":{"line":153,"type":"if","locations":[{"start":{"line":153,"column":4},"end":{"line":153,"column":4}},{"start":{"line":153,"column":4},"end":{"line":153,"column":4}}]},"14":{"line":153,"type":"binary-expr","locations":[{"start":{"line":153,"column":8},"end":{"line":153,"column":18}},{"start":{"line":153,"column":22},"end":{"line":153,"column":37}}]},"15":{"line":167,"type":"if","locations":[{"start":{"line":167,"column":2},"end":{"line":167,"column":2}},{"start":{"line":167,"column":2},"end":{"line":167,"column":2}}]}},"code":["// Handle input parameters","var optimist = require('optimist'),","    fs = require('fs'),","    max = 60,","    p = require('path'),","    argv = optimist","      .demand('file')","      .alias('f','file')","      .describe('file','The absolute path of the script to be run as a process.')","      .check(function(argv){","        require('fs').existsSync(p.resolve(argv.f),function(exists){","          return exists;","        });","      })","      .demand('log')","      .alias('l','log')","      .describe('log','The absolute path of the log file.')","      .demand('errorlog')","      .alias('e','errorlog')","      .describe('errorlog','The absolute path of the error log file.')","      .demand('title')","      .alias('t','title')","      .describe('title','The name/title of the process.')","      .default('maxretries',-1)","      .alias('m','maxretries')","      .describe('maxretries','The maximim number of times the process will be auto-restarted.')","      .default('maxrestarts',5)","      .alias('r','maxrestarts')","      .describe('maxrestarts','The maximim number of times the process should be restarted within a '+max+' second period shutting down.')","      .default('wait',1)","      .alias('w','wait')","      .describe('wait','The number of seconds between each restart attempt.')","      .check(function(argv){","        return argv.w >= 0;","      })","      .default('grow',.25)","      .alias('g','grow')","      .describe('grow','A percentage growth rate at which the wait time is increased.')","      .check(function(argv){","        return (argv.g >= 0 && argv.g <= 1);","      })","      .default('abortonerror','no')","      .alias('a','abortonerror')","      .describe('abortonerror','Do not attempt to restart the process if it fails with an error,')","      .check(function(argv){","        return ['y','n','yes','no'].indexOf(argv.a.trim().toLowerCase()) >= 0;","      })","      .argv,","    //log = new Logger(argv.e == undefined ? argv.l : {source:argv.l,eventlog:argv.e}),","    fork = require('child_process').fork,","    script = p.resolve(argv.f),","    wait = argv.w*1000,","    grow = argv.g+1,","    attempts = 0,","    startTime = null,","    starts = 0,","    child = null;","","process.title = argv.t || 'Node.JS Script';","","// Log Formatting - Standard Output Hook","console.log = function (data) {","  fs.appendFileSync(argv.log,'\\n'+new Date().toLocaleString()+' - '+data);","};","","console.error = function (data) {","  fs.appendFileSync(argv.errorlog,'\\n'+new Date().toLocaleString()+' - '+data);","};","","console.warn = function (data) {","  fs.appendFileSync(argv.log,'\\n'+new Date().toLocaleString()+' - WARNING: '+data);","};","","console.log('');","","if (argv.env){","  if (Object.prototype.toString.call(argv.env) === '[object Array]'){","    for(var i=0;i<argv.env.length;i++){","      process.env[argv.env[i].split('=')[0]] = argv.env[i].split('=')[1];","    }","  } else {","    process.env[argv.env.split('=')[0]] = argv.env.split('=')[1];","  }","}","","if (typeof argv.m === 'string'){","  argv.m = parseInt(argv.m);","}","","// Set the absolute path of the file","argv.f = p.resolve(argv.f);","","// Hack to force the wrapper process to stay open by launching a ghost socket server","var server = require('net').createServer().listen(0, '127.0.0.1');","","/**"," * @method monitor"," * Monitor the process to make sure it is running"," */","var monitor = function(){","  if(!child.pid){","","    // If the number of periodic starts exceeds the max, kill the process","    if (starts >= argv.r){","      if (new Date().getTime()-(max*1000) <= startTime.getTime()){","        console.error('Too many restarts within the last '+max+' seconds. Please check the script.');","        process.exit();","      }","    }","","    setTimeout(function(){","      wait = wait * grow;","      attempts += 1;","      if (attempts > argv.m && argv.m >= 0){","        console.error('Too many restarts. '+argv.f+' will not be restarted because the maximum number of total restarts has been exceeded.');","        process.exit();","      } else {","        launch();","      }","    },wait);","  } else {","    attempts = 0;","    wait = argv.w * 1000;","  }","};","","","/**"," * @method launch"," * A method to start a process."," */","var launch = function(){","  //log.info('Starting '+argv.f);","","  // Set the start time if it's null","  if (startTime == null) {","    startTime = startTime || new Date();","    setTimeout(function(){","      startTime = null;","      starts = 0;","    },(max*1000)+1);","  }","  starts += 1;","","  // Fork the child process","  child = fork(script,{env:process.env});","","  // When the child dies, attempt to restart based on configuration","  child.on('exit',function(code){","    console.warn(argv.f+' stopped running.');","","    // If an error is thrown and the process is configured to exit, then kill the parent.","    if (code !== 0 && argv.a == \"yes\"){","      console.error(argv.f+' exited with error code '+code);","      process.exit();","      server.unref();","    }","","    delete child.pid;","","    // Monitor the process","    monitor();","  });","};","","process.on('exit',function(){","  if (child.pid){","    process.kill(child.pid)","  };","  process.exit();","});","","// Launch the process","launch();",""],"l":{"2":2,"11":0,"12":0,"34":0,"40":0,"46":0,"59":0,"62":0,"63":0,"66":0,"67":0,"70":0,"71":0,"74":0,"76":0,"77":0,"78":0,"79":0,"82":0,"86":0,"87":0,"91":0,"94":0,"100":0,"101":0,"104":0,"105":0,"106":0,"107":0,"111":0,"112":0,"113":0,"114":0,"115":0,"116":0,"118":0,"122":0,"123":0,"132":0,"136":0,"137":0,"138":0,"139":0,"140":0,"143":0,"146":0,"149":0,"150":0,"153":0,"154":0,"155":0,"156":0,"159":0,"162":0,"166":0,"167":0,"168":0,"170":0,"174":0}}}